<?xml version="1.0" encoding="utf-8"?><testsuites name="pytest tests"><testsuite name="pytest" errors="0" failures="0" skipped="0" tests="1105" time="521.786" timestamp="2026-07-26T19:31:43.074615+08:00" hostname="ubuntu1-Super-Server"><testcase classname="tests.test_assess_stage_a_cli" name="test_parser_has_no_d_t_or_detector_specific_option" time="0.001" /><testcase classname="tests.test_assess_stage_a_cli" name="test_assessment_payload_uses_strict_pd_rule_and_records_thresholds" time="0.001" /><testcase classname="tests.test_assess_stage_a_cli" name="test_current_protocol_freeze_binds_frozen_inputs" time="0.001" /><testcase classname="tests.test_assess_stage_a_cli" name="test_v2_protocol_freeze_binds_run_and_assessment_tools" time="0.066" /><testcase classname="tests.test_assess_stage_a_cli" name="test_completed_v01_protocol_freeze_rejects_current_v02_source" time="0.033" /><testcase classname="tests.test_assess_stage_a_cli" name="test_seed43_v01_freeze_rejects_v02_source_and_remains_path_isolated" time="0.033" /><testcase classname="tests.test_assess_stage_a_cli" name="test_aborted_fx_v1_protocol_is_immutable_history" time="0.001" /><testcase classname="tests.test_assess_stage_a_cli" name="test_failed_fx_v2_protocol_is_immutable_history" time="0.001" /><testcase classname="tests.test_base_at_budget_contract" name="test_base_at_budget_ignores_candidates_above_anchor_threshold" time="0.007" /><testcase classname="tests.test_base_at_budget_contract" name="test_frozen_base_at_budget_protocol_rejects_threshold_above_anchor" time="0.001" /><testcase classname="tests.test_base_at_budget_contract" name="test_stage_a_registry_rejects_tau_b_above_tau_o" time="0.001" /><testcase classname="tests.test_build_irstd1k_manifest" name="test_builds_group_disjoint_manifest_and_keeps_official_test_sealed" time="0.071" /><testcase classname="tests.test_build_irstd1k_manifest" name="test_output_is_deterministic_loadable_and_never_overwrites" time="0.065" /><testcase classname="tests.test_build_irstd1k_manifest" name="test_rejects_output_inside_read_only_dataset_scope" time="0.013" /><testcase classname="tests.test_build_irstd1k_manifest" name="test_rejects_official_membership_overlap_and_invalid_fractions" time="0.012" /><testcase classname="tests.test_calibration_ledger" name="test_selection_rule_uses_only_predeclared_standard_metrics[lower0-higher0-0.6]" time="0.001" /><testcase classname="tests.test_calibration_ledger" name="test_selection_rule_uses_only_predeclared_standard_metrics[lower1-higher1-0.6]" time="0.001" /><testcase classname="tests.test_calibration_ledger" name="test_selection_rule_uses_only_predeclared_standard_metrics[lower2-higher2-0.6]" time="0.001" /><testcase classname="tests.test_calibration_ledger" name="test_selection_rule_uses_only_predeclared_standard_metrics[lower3-higher3-0.6]" time="0.001" /><testcase classname="tests.test_calibration_ledger" name="test_selection_rule_uses_only_predeclared_standard_metrics[lower4-higher4-0.6]" time="0.001" /><testcase classname="tests.test_calibration_ledger" name="test_selection_rule_uses_only_predeclared_standard_metrics[lower5-higher5-0.6]" time="0.001" /><testcase classname="tests.test_calibration_ledger" name="test_exact_tie_prefers_explicit_residual_off_null" time="0.001" /><testcase classname="tests.test_calibration_ledger" name="test_every_candidate_and_selection_have_exact_legacy_dataclass_equality" time="0.709" /><testcase classname="tests.test_calibration_ledger" name="test_spawn_parallel_candidate_ledger_is_exactly_equal_to_sequential[default]" time="2.094" /><testcase classname="tests.test_calibration_ledger" name="test_spawn_parallel_candidate_ledger_is_exactly_equal_to_sequential[explicit]" time="2.147" /><testcase classname="tests.test_calibration_ledger" name="test_gt_components_are_built_once_during_context_preparation" time="0.006" /><testcase classname="tests.test_calibration_ledger" name="test_residual_binding_rejects_base_or_gt_drift" time="0.006" /><testcase classname="tests.test_core_learning_object_redefinition" name="test_core_object_receipt_is_canonical_and_frozen" time="0.002" /><testcase classname="tests.test_core_learning_object_redefinition" name="test_core_object_receipt_binds_prior_evidence_and_current_source" time="0.003" /><testcase classname="tests.test_core_learning_object_redefinition" name="test_core_object_is_a_pre_mask_same_source_pair_not_a_surrogate_match" time="0.001" /><testcase classname="tests.test_core_learning_object_redefinition" name="test_core_object_records_shortcuts_and_strict_non_authorization" time="0.001" /><testcase classname="tests.test_core_learning_object_redefinition" name="test_match_stability_alone_does_not_make_a_clean_label_increment" time="0.001" /><testcase classname="tests.test_core_learning_object_redefinition" name="test_full_cure_entry_gate_is_per_seed_and_requires_two_targets" time="0.001" /><testcase classname="tests.test_core_learning_object_redefinition" name="test_core_object_documents_preserve_stage_and_mainline_boundaries" time="0.002" /><testcase classname="tests.test_coverage_transition" name="test_transition_has_frozen_descriptive_scope_and_routes" time="0.572" /><testcase classname="tests.test_coverage_transition" name="test_transition_replays_frozen_and_refitted_parameters" time="0.001" /><testcase classname="tests.test_coverage_transition" name="test_transition_audits_all_targets_and_group_distinct_top5" time="0.001" /><testcase classname="tests.test_coverage_transition" name="test_transition_is_deterministic_and_detects_raw_mismatch" time="1.125" /><testcase classname="tests.test_coverage_transition" name="test_transition_rejects_non_frozen_population_counts" time="0.001" /><testcase classname="tests.test_crossing_factorized_bounded_implementation_closure" name="test_signed_bounded_implementation_closure_is_complete_and_static" time="0.085" /><testcase classname="tests.test_crossing_factorized_bounded_protocol" name="test_v7_bounded_protocol_binds_the_frozen_toy_gate" time="0.002" /><testcase classname="tests.test_crossing_factorized_bounded_protocol" name="test_bounded_implementation_proposal_is_additive_and_not_run_authority" time="0.001" /><testcase classname="tests.test_crossing_factorized_bounded_protocol" name="test_bounded_config_preserves_v6_population_budget_and_gates" time="0.002" /><testcase classname="tests.test_crossing_factorized_bounded_protocol" name="test_sync_policy_allows_only_bounded_400_not_formal_800" time="0.001" /><testcase classname="tests.test_crossing_factorized_bounded_protocol" name="test_dry_run_is_synthetic_deterministic_and_cannot_read_real_data" time="0.001" /><testcase classname="tests.test_crossing_factorized_bounded_protocol" name="test_chain_placeholders_are_paths_only_until_root_signs_them" time="0.002" /><testcase classname="tests.test_crossing_factorized_config" name="test_reference_config_preserves_v4_topology_and_parameter_count" time="0.003" /><testcase classname="tests.test_crossing_factorized_config" name="test_config_rejects_any_equation_or_topology_variant[kwargs0]" time="0.001" /><testcase classname="tests.test_crossing_factorized_config" name="test_config_rejects_any_equation_or_topology_variant[kwargs1]" time="0.001" /><testcase classname="tests.test_crossing_factorized_config" name="test_config_rejects_any_equation_or_topology_variant[kwargs2]" time="0.001" /><testcase classname="tests.test_crossing_factorized_config" name="test_config_rejects_any_equation_or_topology_variant[kwargs3]" time="0.001" /><testcase classname="tests.test_crossing_factorized_config" name="test_config_rejects_any_equation_or_topology_variant[kwargs4]" time="0.001" /><testcase classname="tests.test_crossing_factorized_config" name="test_config_rejects_any_equation_or_topology_variant[kwargs5]" time="0.001" /><testcase classname="tests.test_crossing_factorized_config" name="test_config_rejects_any_equation_or_topology_variant[kwargs6]" time="0.001" /><testcase classname="tests.test_crossing_factorized_config" name="test_config_rejects_any_equation_or_topology_variant[kwargs7]" time="0.001" /><testcase classname="tests.test_crossing_factorized_config" name="test_config_rejects_any_equation_or_topology_variant[kwargs8]" time="0.001" /><testcase classname="tests.test_crossing_factorized_config" name="test_config_rejects_any_equation_or_topology_variant[kwargs9]" time="0.001" /><testcase classname="tests.test_crossing_factorized_config" name="test_config_rejects_any_equation_or_topology_variant[kwargs10]" time="0.001" /><testcase classname="tests.test_crossing_factorized_config" name="test_config_rejects_any_equation_or_topology_variant[kwargs11]" time="0.001" /><testcase classname="tests.test_crossing_factorized_config" name="test_config_rejects_any_equation_or_topology_variant[kwargs12]" time="0.001" /><testcase classname="tests.test_crossing_factorized_config" name="test_config_rejects_any_equation_or_topology_variant[kwargs13]" time="0.001" /><testcase classname="tests.test_crossing_factorized_config" name="test_config_rejects_any_equation_or_topology_variant[kwargs14]" time="0.001" /><testcase classname="tests.test_crossing_factorized_config" name="test_decoder_constructor_requires_one_truthful_v7_config" time="0.001" /><testcase classname="tests.test_crossing_factorized_decoder" name="test_operator_has_exact_forward_and_full_axis_recovery_gradient" time="0.589" /><testcase classname="tests.test_crossing_factorized_decoder" name="test_float32_positive_forward_is_bit_exact_at_multiple_scales" time="0.002" /><testcase classname="tests.test_crossing_factorized_decoder" name="test_recovery_gradient_is_continuous_across_zero_boundary" time="0.001" /><testcase classname="tests.test_crossing_factorized_decoder" name="test_float32_negative_recovery_uses_exp_not_expm1_backward" time="0.001" /><testcase classname="tests.test_crossing_factorized_decoder" name="test_operator_rejects_invalid_tensor_values[invalid0]" time="0.001" /><testcase classname="tests.test_crossing_factorized_decoder" name="test_operator_rejects_invalid_tensor_values[invalid1]" time="0.001" /><testcase classname="tests.test_crossing_factorized_decoder" name="test_operator_rejects_invalid_tensor_values[invalid2]" time="0.001" /><testcase classname="tests.test_crossing_factorized_decoder" name="test_operator_has_finite_safe_domain_and_fails_fast_on_overflow" time="0.002" /><testcase classname="tests.test_crossing_factorized_decoder" name="test_v4_and_v7_share_exact_state_modules_and_parameter_count" time="0.108" /><testcase classname="tests.test_crossing_factorized_decoder" name="test_fields_follow_the_frozen_crossing_equation_and_are_auditable" time="0.010" /><testcase classname="tests.test_crossing_factorized_decoder" name="test_non_native_path_resizes_raw_and_burden_by_frozen_modes" time="0.006" /><testcase classname="tests.test_crossing_factorized_decoder" name="test_forward_never_calls_parent_reciprocal_vacancy_field" time="0.004" /><testcase classname="tests.test_crossing_factorized_decoder" name="test_occupancy_deletion_is_monotone_and_exactly_local_to_count_change" time="0.007" /><testcase classname="tests.test_crossing_factorized_decoder" name="test_identity_two_endpoint_batch_and_detached_gradients_hold" time="0.017" /><testcase classname="tests.test_crossing_factorized_decoder" name="test_two_endpoint_batched_forward_matches_separate_forwards" time="0.013" /><testcase classname="tests.test_crossing_factorized_decoder" name="test_forward_rejects_nonfinite_margin_or_continuation" time="0.005" /><testcase classname="tests.test_crossing_factorized_model" name="test_existing_factorized_model_accepts_v7_contract_directly" time="0.008" /><testcase classname="tests.test_crossing_factorized_model" name="test_train_and_eval_keep_one_shared_graph_and_forward_path" time="0.009" /><testcase classname="tests.test_crossing_factorized_model" name="test_v7_model_rejects_declared_channel_or_stride_mismatch" time="0.003" /><testcase classname="tests.test_crossing_factorized_model" name="test_v7_model_runtime_validates_an_undeclared_feature_stride" time="0.006" /><testcase classname="tests.test_crossing_factorized_outcome_bounded" name="test_crossing_state_fingerprint_binds_v7_class_and_tensor_state" time="0.005" /><testcase classname="tests.test_crossing_factorized_outcome_bounded" name="test_crossing_bounded_executes_frozen_synthetic_contract" time="16.671" /><testcase classname="tests.test_crossing_factorized_outcome_bounded" name="test_crossing_bounded_rejects_non_v7_config_types[config0-CrossingFactorizedDecoderConfig]" time="1.522" /><testcase classname="tests.test_crossing_factorized_outcome_bounded" name="test_crossing_bounded_rejects_non_v7_config_types[config1-CrossingFactorizedDecoderConfig]" time="1.354" /><testcase classname="tests.test_crossing_factorized_outcome_bounded" name="test_crossing_bounded_rejects_any_frozen_budget_drift[seed-43-seed]" time="1.339" /><testcase classname="tests.test_crossing_factorized_outcome_bounded" name="test_crossing_bounded_rejects_any_frozen_budget_drift[learning_rate-0.002-learning_rate]" time="1.339" /><testcase classname="tests.test_crossing_factorized_outcome_bounded" name="test_crossing_bounded_rejects_any_frozen_budget_drift[weight_decay-0.0001-weight_decay]" time="1.334" /><testcase classname="tests.test_crossing_factorized_outcome_bounded" name="test_crossing_bounded_rejects_any_frozen_budget_drift[optimizer_updates-399-400 optimizer updates]" time="1.348" /><testcase classname="tests.test_crossing_factorized_outcome_bounded" name="test_crossing_bounded_rejects_loss_chunk_and_stride_drift" time="1.970" /><testcase classname="tests.test_crossing_factorized_outcome_bounded" name="test_crossing_population_structural_failure_is_zero_update_stop" time="2.481" /><testcase classname="tests.test_crossing_factorized_outcome_bounded" name="test_crossing_operator_failure_is_zero_update_stop" time="2.660" /><testcase classname="tests.test_crossing_factorized_outcome_toy_overfit" name="test_cr_lvec_v7_passes_all_six_frozen_toy_cases" time="31.448" /><testcase classname="tests.test_crossing_factorized_outcome_toy_overfit" name="test_support_mismatch_cases_use_single_pixel_deletions" time="0.001" /><testcase classname="tests.test_crossing_factorized_outcome_toy_overfit" name="test_toy_result_exactly_binds_frozen_protocol_and_has_no_real_access" time="0.004" /><testcase classname="tests.test_crossing_factorized_sync_benchmark" name="test_operator_variants_are_exact_on_supported_domain_and_keep_boundaries" time="0.004" /><testcase classname="tests.test_crossing_factorized_sync_benchmark" name="test_fixed_cpu_benchmark_has_auditable_schema_without_latency_gate" time="0.408" /><testcase classname="tests.test_crossing_factorized_sync_benchmark" name="test_benchmark_rejects_scope_or_count_changes[kwargs0-ValueError]" time="0.001" /><testcase classname="tests.test_crossing_factorized_sync_benchmark" name="test_benchmark_rejects_scope_or_count_changes[kwargs1-ValueError]" time="0.001" /><testcase classname="tests.test_crossing_factorized_sync_benchmark" name="test_benchmark_rejects_scope_or_count_changes[kwargs2-ValueError]" time="0.001" /><testcase classname="tests.test_crossing_factorized_sync_benchmark" name="test_benchmark_rejects_scope_or_count_changes[kwargs3-ValueError]" time="0.001" /><testcase classname="tests.test_crossing_factorized_sync_benchmark" name="test_benchmark_rejects_scope_or_count_changes[kwargs4-TypeError]" time="0.001" /><testcase classname="tests.test_crossing_factorized_sync_benchmark" name="test_cli_outputs_json_without_writing_or_hard_timing_gate" time="0.002" /><testcase classname="tests.test_crossing_factorized_sync_benchmark" name="test_cli_create_only_output" time="0.003" /><testcase classname="tests.test_crossing_factorized_toy_gate_closure" name="test_v7_toy_closure_fingerprint_and_all_file_bindings" time="0.007" /><testcase classname="tests.test_crossing_factorized_toy_gate_closure" name="test_v7_toy_closure_authorizes_code_not_real_data_execution" time="0.001" /><testcase classname="tests.test_crossing_factorized_toy_gate_closure" name="test_v7_toy_closure_records_bug_fix_and_pre_bounded_sync_gate" time="0.001" /><testcase classname="tests.test_cure_lite_toy_mechanism_gate" name="test_uniform_legal_closes_held_out_toy_gate_at_the_base_fa_budget" time="1.456" /><testcase classname="tests.test_cure_lite_toy_mechanism_gate" name="test_uniform_legal_gate_stops_when_source_feature_support_is_too_easy" time="1.365" /><testcase classname="tests.test_decoder_artifact" name="test_decoder_artifact_round_trip_binds_weights_config_and_logs" time="0.037" /><testcase classname="tests.test_decoder_artifact" name="test_decoder_artifact_rejects_tampered_weights_and_receipt" time="0.028" /><testcase classname="tests.test_decoder_artifact" name="test_loaded_decoder_artifact_rechecks_persisted_files" time="0.024" /><testcase classname="tests.test_decoder_artifact" name="test_decoder_artifact_loader_rejects_symlink_entrypoint" time="0.015" /><testcase classname="tests.test_decoder_artifact" name="test_loaded_artifact_rejects_replace_replay_and_topology_mutation" time="0.025" /><testcase classname="tests.test_decoder_artifact" name="test_decoder_artifact_rejects_mismatched_contracts" time="0.003" /><testcase classname="tests.test_decoder_artifact" name="test_decoder_artifact_rejects_logs_that_disagree_with_fixed_horizon" time="0.003" /><testcase classname="tests.test_decoder_artifact" name="test_exposure_matched_artifact_binds_factual_replacement_loss_slot" time="0.022" /><testcase classname="tests.test_decoder_artifact" name="test_decoder_artifact_enforces_variant_exposure_contracts" time="0.019" /><testcase classname="tests.test_decoder_artifact" name="test_v2_payload_and_contract_remain_backward_compatible" time="0.001" /><testcase classname="tests.test_decoder_artifact" name="test_v3_accepts_exact_four_variants_and_binds_alignment_catalog" time="0.003" /><testcase classname="tests.test_decoder_artifact" name="test_v3_miss_aligned_artifact_round_trip_uses_its_own_schema" time="0.026" /><testcase classname="tests.test_decoder_artifact" name="test_v3_loader_rejects_receipt_run_config_schema_disagreement" time="0.016" /><testcase classname="tests.test_decoder_occupancy_projection" name="test_projection_preserves_a_sub_stride_occupied_pixel" time="0.002" /><testcase classname="tests.test_decoder_occupancy_projection" name="test_projection_rejects_upsampling_and_nonbinary_state" time="0.001" /><testcase classname="tests.test_decoder_occupancy_projection" name="test_legal_deletion_must_change_the_projected_decoder_state" time="0.009" /><testcase classname="tests.test_diagnose_stage_a_mechanism" name="test_cli_is_selected_point_diagnosis_only" time="0.026" /><testcase classname="tests.test_diagnose_stage_a_mechanism" name="test_output_must_be_create_only_and_outside_stage_runs" time="0.002" /><testcase classname="tests.test_diagnose_stage_a_mechanism" name="test_output_rejects_a_symbolic_link_parent" time="0.002" /><testcase classname="tests.test_diagnose_stage_a_mechanism" name="test_target_partition_uses_final_matching_and_inclusive_thresholds" time="0.015" /><testcase classname="tests.test_diagnose_stage_a_mechanism" name="test_feature_descriptor_uses_area_weights_and_preserves_channels" time="0.002" /><testcase classname="tests.test_diagnose_stage_a_mechanism" name="test_cross_seed_transition_table_is_exact_and_stable" time="0.001" /><testcase classname="tests.test_diagnose_stage_a_mechanism" name="test_cross_seed_rejects_different_target_membership" time="0.001" /><testcase classname="tests.test_diagnose_stage_a_mechanism" name="test_diagnostic_tool_is_outside_the_versioned_method_source_tree" time="0.034" /><testcase classname="tests.test_directed_factorized_config" name="test_reference_config_preserves_v4_topology_and_parameter_count" time="0.002" /><testcase classname="tests.test_directed_factorized_config" name="test_config_rejects_any_non_activation_or_topology_variant[kwargs0]" time="0.001" /><testcase classname="tests.test_directed_factorized_config" name="test_config_rejects_any_non_activation_or_topology_variant[kwargs1]" time="0.001" /><testcase classname="tests.test_directed_factorized_config" name="test_config_rejects_any_non_activation_or_topology_variant[kwargs2]" time="0.001" /><testcase classname="tests.test_directed_factorized_config" name="test_config_rejects_any_non_activation_or_topology_variant[kwargs3]" time="0.001" /><testcase classname="tests.test_directed_factorized_config" name="test_config_rejects_any_non_activation_or_topology_variant[kwargs4]" time="0.001" /><testcase classname="tests.test_directed_factorized_config" name="test_config_rejects_any_non_activation_or_topology_variant[kwargs5]" time="0.001" /><testcase classname="tests.test_directed_factorized_config" name="test_config_rejects_any_non_activation_or_topology_variant[kwargs6]" time="0.001" /><testcase classname="tests.test_directed_factorized_config" name="test_config_rejects_any_non_activation_or_topology_variant[kwargs7]" time="0.001" /><testcase classname="tests.test_directed_factorized_config" name="test_config_rejects_any_non_activation_or_topology_variant[kwargs8]" time="0.001" /><testcase classname="tests.test_directed_factorized_config" name="test_config_rejects_any_non_activation_or_topology_variant[kwargs9]" time="0.001" /><testcase classname="tests.test_directed_factorized_config" name="test_config_rejects_any_non_activation_or_topology_variant[kwargs10]" time="0.001" /><testcase classname="tests.test_directed_factorized_config" name="test_decoder_constructor_requires_one_truthful_v5_config" time="0.001" /><testcase classname="tests.test_directed_factorized_decoder" name="test_directed_activation_has_exact_polarity_and_gradient_contract" time="0.002" /><testcase classname="tests.test_directed_factorized_decoder" name="test_v4_and_v5_share_exact_initial_state_but_not_signed_evidence" time="0.005" /><testcase classname="tests.test_directed_factorized_decoder" name="test_only_evidence_and_logits_differ_for_same_state_and_input" time="0.013" /><testcase classname="tests.test_directed_factorized_decoder" name="test_non_native_path_resizes_raw_before_directed_activation" time="0.005" /><testcase classname="tests.test_directed_factorized_decoder" name="test_zero_identity_deletion_support_and_detach_invariants_hold" time="0.022" /><testcase classname="tests.test_directed_factorized_model" name="test_existing_factorized_model_accepts_v5_without_new_wrapper" time="0.006" /><testcase classname="tests.test_directed_factorized_outcome_bounded" name="test_directed_bounded_executes_exact_frozen_population_and_budget" time="15.932" /><testcase classname="tests.test_directed_factorized_outcome_bounded" name="test_directed_bounded_rejects_any_frozen_budget_drift[seed-43-seed]" time="1.381" /><testcase classname="tests.test_directed_factorized_outcome_bounded" name="test_directed_bounded_rejects_any_frozen_budget_drift[learning_rate-0.002-learning_rate]" time="1.370" /><testcase classname="tests.test_directed_factorized_outcome_bounded" name="test_directed_bounded_rejects_any_frozen_budget_drift[weight_decay-0.0001-weight_decay]" time="1.368" /><testcase classname="tests.test_directed_factorized_outcome_bounded" name="test_directed_bounded_rejects_any_frozen_budget_drift[optimizer_updates-399-400 optimizer updates]" time="1.351" /><testcase classname="tests.test_directed_factorized_outcome_bounded" name="test_directed_bounded_rejects_loss_chunk_and_stride_drift" time="1.950" /><testcase classname="tests.test_directed_factorized_outcome_bounded" name="test_directed_structural_failure_is_auditable_zero_training_stop" time="2.482" /><testcase classname="tests.test_directed_factorized_outcome_toy_overfit" name="test_directed_activation_exactly_replays_the_frozen_toy_failure" time="15.676" /><testcase classname="tests.test_directed_factorized_toy_gate_closure" name="test_v5_toy_negative_closure_fingerprint_and_bindings" time="0.003" /><testcase classname="tests.test_directed_factorized_toy_gate_closure" name="test_v5_toy_negative_closure_preserves_the_stop_rule" time="0.001" /><testcase classname="tests.test_dry_run_crossing_factorized_outcome_bounded_cli" name="test_dry_run_executes_exact_synthetic_cpu_contract" time="0.168" /><testcase classname="tests.test_dry_run_crossing_factorized_outcome_bounded_cli" name="test_dry_run_covers_operator_pairs_gradients_and_stops_before_bad_step" time="0.001" /><testcase classname="tests.test_dry_run_crossing_factorized_outcome_bounded_cli" name="test_dry_run_structurally_excludes_real_loader_and_authorization" time="0.178" /><testcase classname="tests.test_dry_run_crossing_factorized_outcome_bounded_cli" name="test_roundtrip_audit_is_scoped_to_serialization_probe" time="0.001" /><testcase classname="tests.test_dry_run_crossing_factorized_outcome_bounded_cli" name="test_result_fingerprint_and_protocol_chain_are_exact" time="0.002" /><testcase classname="tests.test_dry_run_crossing_factorized_outcome_bounded_cli" name="test_protocol_payload_changes_are_rejected" time="0.003" /><testcase classname="tests.test_dry_run_crossing_factorized_outcome_bounded_cli" name="test_only_canonical_config_is_accepted" time="0.002" /><testcase classname="tests.test_dry_run_crossing_factorized_outcome_bounded_cli" name="test_create_only_output_and_cli_payload_round_trip" time="0.002" /><testcase classname="tests.test_dry_run_crossing_factorized_outcome_bounded_cli" name="test_two_independent_cli_processes_are_byte_identical" time="7.583" /><testcase classname="tests.test_dry_run_crossing_factorized_outcome_bounded_cli" name="test_cli_rejects_existing_output_without_replacing_it" time="3.813" /><testcase classname="tests.test_efficiency_evidence" name="test_stage_a_efficiency_is_u_only_zero_input_and_round_trips" time="0.017" /><testcase classname="tests.test_efficiency_evidence" name="test_stage_a_efficiency_rejects_controls_bad_shapes_and_tampering" time="0.022" /><testcase classname="tests.test_evaluation_pipeline" name="test_gate_2_access_returns_only_d_r_or_d_v" time="0.002" /><testcase classname="tests.test_evaluation_pipeline" name="test_cached_base_and_decoder_build_a_canonical_calibration_sample" time="0.006" /><testcase classname="tests.test_evaluation_pipeline" name="test_d_v_selection_and_frozen_evaluation_reproves_grid_optimum" time="0.055" /><testcase classname="tests.test_evaluation_pipeline" name="test_base_at_budget_selection_and_frozen_evaluation_are_d_v_only" time="0.028" /><testcase classname="tests.test_experiment_cache_pipeline" name="test_build_state_record_retains_complete_factual_reachability_catalog" time="0.013" /><testcase classname="tests.test_experiment_cache_pipeline" name="test_build_state_record_retains_all_legal_deletion_pairs" time="0.006" /><testcase classname="tests.test_experiment_cache_pipeline" name="test_build_state_record_masks_invalid_pixels_before_component_labeling" time="0.004" /><testcase classname="tests.test_experiment_cache_pipeline" name="test_build_state_record_rejects_batched_base_output" time="0.001" /><testcase classname="tests.test_experiment_cache_pipeline" name="test_cache_manifest_split_writes_bound_per_sample_caches_and_strict_index" time="0.034" /><testcase classname="tests.test_experiment_cache_pipeline" name="test_library_base_state_fingerprint_is_independent_of_reported_identity" time="0.003" /><testcase classname="tests.test_experiment_cache_pipeline" name="test_base_cache_pair_rejects_same_reported_identity_with_different_state" time="0.059" /><testcase classname="tests.test_experiment_cache_pipeline" name="test_cache_manifest_split_rejects_registered_state_change" time="0.014" /><testcase classname="tests.test_experiment_cache_pipeline" name="test_cache_manifest_split_rejects_adapter_preprocessing_mismatch" time="0.007" /><testcase classname="tests.test_experiment_cache_pipeline" name="test_cache_manifest_split_refuses_nonempty_output_and_forbidden_split" time="0.009" /><testcase classname="tests.test_experiment_cache_pipeline" name="test_cache_manifest_split_rejects_unfingerprinted_transform" time="0.007" /><testcase classname="tests.test_experiment_cache_pipeline" name="test_cache_d_r_states_writes_complete_bound_state_index" time="0.094" /><testcase classname="tests.test_experiment_cache_pipeline" name="test_load_d_r_bundle_rejects_state_index_base_state_disagreement" time="0.051" /><testcase classname="tests.test_experiment_cache_pipeline" name="test_cache_d_r_states_rejects_tampered_base_index_and_cache" time="0.025" /><testcase classname="tests.test_experiment_cache_pipeline" name="test_cache_d_r_states_rejects_non_d_r_split_before_output[D_V]" time="0.006" /><testcase classname="tests.test_experiment_cache_pipeline" name="test_cache_d_r_states_rejects_non_d_r_split_before_output[D_T]" time="0.006" /><testcase classname="tests.test_experiment_cache_pipeline" name="test_cache_d_r_states_rejects_symlink_output" time="0.044" /><testcase classname="tests.test_experiment_cache_pipeline" name="test_load_d_r_cache_bundle_rejects_state_and_bound_base_tampering" time="0.102" /><testcase classname="tests.test_experiment_cache_pipeline" name="test_loaded_d_r_bundle_verify_unchanged_detects_file_and_memory_mutation" time="0.126" /><testcase classname="tests.test_experiment_cache_pipeline" name="test_load_d_v_cache_bundle_is_exact_sorted_and_fully_bound" time="0.046" /><testcase classname="tests.test_experiment_cache_pipeline" name="test_load_d_v_cache_bundle_rejects_every_non_d_v_split[D_B]" time="0.006" /><testcase classname="tests.test_experiment_cache_pipeline" name="test_load_d_v_cache_bundle_rejects_every_non_d_v_split[D_R]" time="0.006" /><testcase classname="tests.test_experiment_cache_pipeline" name="test_load_d_v_cache_bundle_rejects_every_non_d_v_split[D_T]" time="0.006" /><testcase classname="tests.test_experiment_cache_pipeline" name="test_load_d_v_cache_bundle_rejects_index_symlink_and_cache_tamper" time="0.031" /><testcase classname="tests.test_experiment_cache_pipeline" name="test_loaded_d_v_bundle_detects_memory_and_source_file_drift" time="0.033" /><testcase classname="tests.test_experiment_training_pipeline" name="test_epoch_pools_share_factual_schedule_and_only_u_has_synthetic" time="0.057" /><testcase classname="tests.test_experiment_training_pipeline" name="test_miss_aligned_pool_uses_global_mapping_and_factual_schedule" time="0.044" /><testcase classname="tests.test_experiment_training_pipeline" name="test_uniform_legal_selector_covers_each_candidate_once_per_cycle" time="0.008" /><testcase classname="tests.test_experiment_training_pipeline" name="test_epoch_pool_rejects_probability_or_legal_catalog_drift" time="0.023" /><testcase classname="tests.test_experiment_training_pipeline" name="test_epoch_pool_recomputes_after_masking_invalid_padded_positives" time="0.018" /><testcase classname="tests.test_experiment_training_pipeline" name="test_fixed_training_returns_immutable_training_only_logs" time="0.075" /><testcase classname="tests.test_experiment_training_pipeline" name="test_factual_exposure_matched_uses_u_sized_third_loss_slot_without_deletion" time="0.078" /><testcase classname="tests.test_experiment_training_pipeline" name="test_formal_branch_support_rejects_missing_identifying_pool" time="0.029" /><testcase classname="tests.test_experiment_training_pipeline" name="test_fixed_training_does_not_update_when_real_branch_support_is_absent" time="0.025" /><testcase classname="tests.test_experiment_training_pipeline" name="test_training_support_summary_counts_independent_real_sources" time="0.029" /><testcase classname="tests.test_factorized_config" name="test_reference_config_has_frozen_topology_and_parameter_count" time="0.002" /><testcase classname="tests.test_factorized_config" name="test_adapter_fields_define_one_decoder_family" time="0.001" /><testcase classname="tests.test_factorized_config" name="test_config_rejects_non_method_variants[kwargs0]" time="0.001" /><testcase classname="tests.test_factorized_config" name="test_config_rejects_non_method_variants[kwargs1]" time="0.001" /><testcase classname="tests.test_factorized_config" name="test_config_rejects_non_method_variants[kwargs2]" time="0.001" /><testcase classname="tests.test_factorized_config" name="test_config_rejects_non_method_variants[kwargs3]" time="0.001" /><testcase classname="tests.test_factorized_config" name="test_config_rejects_non_method_variants[kwargs4]" time="0.001" /><testcase classname="tests.test_factorized_config" name="test_config_rejects_non_method_variants[kwargs5]" time="0.001" /><testcase classname="tests.test_factorized_config" name="test_config_rejects_non_method_variants[kwargs6]" time="0.001" /><testcase classname="tests.test_factorized_config" name="test_config_rejects_non_method_variants[kwargs7]" time="0.001" /><testcase classname="tests.test_factorized_config" name="test_config_rejects_non_method_variants[kwargs8]" time="0.001" /><testcase classname="tests.test_factorized_config" name="test_config_rejects_non_method_variants[kwargs9]" time="0.001" /><testcase classname="tests.test_factorized_config" name="test_config_rejects_non_method_variants[kwargs10]" time="0.001" /><testcase classname="tests.test_factorized_config" name="test_decoder_constructor_rejects_ambiguous_or_incomplete_config" time="0.001" /><testcase classname="tests.test_factorized_decoder" name="test_reference_forward_has_exact_fields_and_native_subpixel_shape" time="0.015" /><testcase classname="tests.test_factorized_decoder" name="test_zero_feature_is_exactly_invariant_to_any_occupancy" time="0.010" /><testcase classname="tests.test_factorized_decoder" name="test_zero_feature_invariance_survives_parameter_updates_and_device[cpu]" time="0.010" /><testcase classname="tests.test_factorized_decoder" name="test_zero_feature_invariance_survives_parameter_updates_and_device[cuda:0]" time="0.600" /><testcase classname="tests.test_factorized_decoder" name="test_inverse_count_gate_has_frozen_dense_overlap_delta" time="0.004" /><testcase classname="tests.test_factorized_decoder" name="test_deletion_is_monotone_and_delta_has_exact_gate_support" time="0.009" /><testcase classname="tests.test_factorized_decoder" name="test_identity_endpoints_are_bitwise_equal_and_2b_matches_separate" time="0.016" /><testcase classname="tests.test_factorized_decoder" name="test_pixel_shuffle_maps_every_phase_to_one_subpixel" time="0.004" /><testcase classname="tests.test_factorized_decoder" name="test_non_native_output_resizes_fields_before_final_gate" time="0.005" /><testcase classname="tests.test_factorized_decoder" name="test_feature_is_detached_but_all_decoder_parameters_receive_gradients" time="0.013" /><testcase classname="tests.test_factorized_decoder" name="test_invalid_forward_inputs_are_rejected[feature0-occupancy0-TypeError]" time="0.003" /><testcase classname="tests.test_factorized_decoder" name="test_invalid_forward_inputs_are_rejected[feature1-occupancy1-TypeError]" time="0.003" /><testcase classname="tests.test_factorized_decoder" name="test_invalid_forward_inputs_are_rejected[feature2-occupancy2-ValueError]" time="0.003" /><testcase classname="tests.test_factorized_decoder" name="test_invalid_forward_inputs_are_rejected[feature3-occupancy3-ValueError]" time="0.003" /><testcase classname="tests.test_factorized_model" name="test_model_runs_base_once_and_preserves_hard_union" time="0.006" /><testcase classname="tests.test_factorized_model" name="test_none_threshold_preserves_single_score_path_without_residual_mask" time="0.005" /><testcase classname="tests.test_factorized_model" name="test_train_keeps_base_frozen_and_only_exposes_decoder_parameters" time="0.003" /><testcase classname="tests.test_factorized_model" name="test_adapter_channel_or_stride_mismatch_is_rejected" time="0.003" /><testcase classname="tests.test_factorized_model" name="test_runtime_ratio_binds_adapter_without_stride_property" time="0.006" /><testcase classname="tests.test_factorized_model" name="test_invalid_residual_threshold_is_rejected[-0.1]" time="0.003" /><testcase classname="tests.test_factorized_model" name="test_invalid_residual_threshold_is_rejected[1.1]" time="0.003" /><testcase classname="tests.test_factorized_model" name="test_invalid_residual_threshold_is_rejected[True]" time="0.003" /><testcase classname="tests.test_factorized_model" name="test_invalid_residual_threshold_is_rejected[0.5]" time="0.003" /><testcase classname="tests.test_factorized_outcome_bounded" name="test_structural_maximum_abs_is_json_finite_with_nonfinite_inputs" time="0.001" /><testcase classname="tests.test_factorized_outcome_bounded" name="test_factorized_bounded_executes_frozen_population_and_budget" time="16.245" /><testcase classname="tests.test_factorized_outcome_bounded" name="test_factorized_bounded_rejects_non_native_stride" time="2.012" /><testcase classname="tests.test_factorized_outcome_bounded" name="test_factorized_bounded_rejects_budget_drift_before_verification" time="1.385" /><testcase classname="tests.test_factorized_outcome_bounded" name="test_factorized_bounded_rejects_frozen_optimizer_drift[seed-43-seed]" time="1.343" /><testcase classname="tests.test_factorized_outcome_bounded" name="test_factorized_bounded_rejects_frozen_optimizer_drift[learning_rate-0.002-learning_rate]" time="1.347" /><testcase classname="tests.test_factorized_outcome_bounded" name="test_factorized_bounded_rejects_frozen_optimizer_drift[weight_decay-0.0001-weight_decay]" time="1.349" /><testcase classname="tests.test_factorized_outcome_bounded" name="test_factorized_bounded_rejects_loss_and_chunk_drift" time="1.448" /><testcase classname="tests.test_factorized_outcome_bounded" name="test_factorized_structural_failure_returns_auditable_stop_result" time="2.824" /><testcase classname="tests.test_factorized_outcome_bounded" name="test_factorized_joint_gate_includes_threshold_and_tiny_bin_boundaries" time="0.002" /><testcase classname="tests.test_factorized_outcome_bounded" name="test_factorized_joint_gate_rejects_empty_clean_H" time="0.001" /><testcase classname="tests.test_factorized_outcome_step" name="test_existing_outcome_step_accepts_factorized_decoder_unchanged" time="0.062" /><testcase classname="tests.test_factorized_outcome_step" name="test_factorized_preflight_failure_has_zero_training_side_effects" time="0.013" /><testcase classname="tests.test_factorized_outcome_toy_overfit" name="test_svef_overfits_subpixel_clean_and_component_null_together[one_pixel]" time="6.393" /><testcase classname="tests.test_factorized_outcome_toy_overfit" name="test_svef_overfits_subpixel_clean_and_component_null_together[two_pixels]" time="6.416" /><testcase classname="tests.test_factorized_outcome_toy_overfit" name="test_svef_overfits_subpixel_clean_and_component_null_together[three_pixels]" time="6.330" /><testcase classname="tests.test_factual_catalog" name="test_factual_selector_is_deterministic_atomic_and_variant_independent" time="0.003" /><testcase classname="tests.test_factual_catalog" name="test_factual_selector_covers_each_catalog_member_once_per_cycle" time="0.001" /><testcase classname="tests.test_factual_catalog" name="test_catalog_materializer_keeps_all_metadata_but_one_positive" time="0.008" /><testcase classname="tests.test_factual_catalog" name="test_epoch_materializer_is_atomic_and_preserves_full_catalog" time="0.008" /><testcase classname="tests.test_factual_catalog" name="test_state_cache_round_trip_preserves_complete_reachable_catalog" time="0.013" /><testcase classname="tests.test_finalize_stage_a_cli" name="test_parser_is_post_training_only_and_has_no_official_test_input" time="0.002" /><testcase classname="tests.test_finalize_stage_a_cli" name="test_tool_source_contains_no_training_or_decoder_writer_call" time="0.001" /><testcase classname="tests.test_finalize_stage_a_cli" name="test_parallel_capacity_rejects_low_soft_limit" time="0.001" /><testcase classname="tests.test_finalize_stage_a_cli" name="test_parallel_capacity_accepts_service_limit" time="0.001" /><testcase classname="tests.test_finalize_stage_a_cli" name="test_stage_tree_guard_accepts_only_expected_layout" time="0.003" /><testcase classname="tests.test_finalize_stage_a_cli" name="test_stage_tree_guard_requires_empty_regular_marker" time="0.002" /><testcase classname="tests.test_finalize_stage_a_cli" name="test_stage_tree_guard_allows_complete_only_while_marker_remains" time="0.003" /><testcase classname="tests.test_finalize_stage_a_cli" name="test_scientific_input_fingerprint_ignores_only_completion_outputs" time="0.009" /><testcase classname="tests.test_finalize_stage_a_cli" name="test_write_or_require_same_is_create_only_and_exact" time="0.005" /><testcase classname="tests.test_finalize_stage_a_cli" name="test_finalization_payload_records_zero_new_optimizer_updates" time="0.002" /><testcase classname="tests.test_formal_base_tools" name="test_d_b_view_and_owned_runner_contract_use_exact_roles" time="0.012" /><testcase classname="tests.test_formal_base_tools" name="test_formal_launcher_runs_one_epoch_and_self_validates" time="5.763" /><testcase classname="tests.test_formal_training_pipeline" name="test_prepared_bundle_is_fully_verified_only_at_semantic_boundaries" time="0.245" /><testcase classname="tests.test_formal_training_pipeline" name="test_miss_aligned_extension_reuses_completed_references_and_trains_only_m" time="0.629" /><testcase classname="tests.test_formal_training_pipeline" name="test_formal_paired_training_binds_bundle_initialization_and_artifacts" time="0.917" /><testcase classname="tests.test_geometry_catalog_protocol" name="test_geometry_safe_config_is_canonical_and_d_r_only" time="0.002" /><testcase classname="tests.test_geometry_catalog_protocol" name="test_geometry_safe_config_rejects_d_v_and_unknown_fields" time="0.001" /><testcase classname="tests.test_geometry_catalog_protocol" name="test_geometry_safe_config_rejects_hardcoded_exclusions" time="0.001" /><testcase classname="tests.test_geometry_catalog_protocol" name="test_geometry_safe_config_cannot_reinterpret_v1" time="0.001" /><testcase classname="tests.test_geometry_catalog_protocol" name="test_geometry_safe_cli_has_no_training_or_validation_input" time="0.001" /><testcase classname="tests.test_geometry_safe_catalog_core" name="test_pillow_nearest_4_to_2_sampling_lookup_is_frozen" time="0.003" /><testcase classname="tests.test_geometry_safe_catalog_core" name="test_trace_records_native_disappearance" time="0.002" /><testcase classname="tests.test_geometry_safe_catalog_core" name="test_trace_detects_merge_with_reciprocal_incidence" time="0.004" /><testcase classname="tests.test_geometry_safe_catalog_core" name="test_trace_detects_split_after_thin_bridge_is_lost" time="0.004" /><testcase classname="tests.test_geometry_safe_catalog_core" name="test_unrelated_disappearance_does_not_reject_safe_evaluation_target" time="0.003" /><testcase classname="tests.test_geometry_safe_catalog_core" name="test_area_ratio_boundaries_are_inclusive[pixels0-0.5]" time="0.003" /><testcase classname="tests.test_geometry_safe_catalog_core" name="test_area_ratio_boundaries_are_inclusive[pixels1-2.0]" time="0.003" /><testcase classname="tests.test_geometry_safe_catalog_core" name="test_geometry_entry_view_filters_candidate_and_example_by_same_index" time="0.030" /><testcase classname="tests.test_geometry_safe_p0_bc_core" name="test_handcrafted_oof_fold_receipts_bind_all_training_roles" time="0.011" /><testcase classname="tests.test_geometry_safe_p0_bc_core" name="test_joint_oof_projection_is_fit_only_on_training_legal_targets" time="0.014" /><testcase classname="tests.test_geometry_safe_p0_bc_core" name="test_p0_b_screening_uses_the_frozen_29_of_32_gate[29-pass]" time="0.001" /><testcase classname="tests.test_geometry_safe_p0_bc_core" name="test_p0_b_screening_uses_the_frozen_29_of_32_gate[28-fail]" time="0.001" /><testcase classname="tests.test_geometry_safe_p0_bc_core" name="test_p0_c_screening_combines_auc_interval_and_mmd_three_values[0.4-0.7-True-pass-pass-pass]" time="0.001" /><testcase classname="tests.test_geometry_safe_p0_bc_core" name="test_p0_c_screening_combines_auc_interval_and_mmd_three_values[0.71-0.9-True-fail-pass-fail]" time="0.001" /><testcase classname="tests.test_geometry_safe_p0_bc_core" name="test_p0_c_screening_combines_auc_interval_and_mmd_three_values[0.6-0.8-True-inconclusive-pass-inconclusive]" time="0.001" /><testcase classname="tests.test_geometry_safe_p0_bc_core" name="test_p0_c_screening_combines_auc_interval_and_mmd_three_values[0.4-0.7-False-pass-fail-fail]" time="0.001" /><testcase classname="tests.test_geometry_safe_p0_bc_core" name="test_p0_c_screening_combines_auc_interval_and_mmd_three_values[0.4-0.7-None-pass-inconclusive-inconclusive]" time="0.001" /><testcase classname="tests.test_geometry_safe_p0_bc_protocol" name="test_geometry_safe_p0_bc_config_is_canonical_and_fingerprinted" time="0.003" /><testcase classname="tests.test_geometry_safe_p0_bc_protocol" name="test_geometry_safe_p0_bc_is_d_r_only_and_authorizes_no_mutation" time="0.002" /><testcase classname="tests.test_geometry_safe_p0_bc_protocol" name="test_geometry_safe_p0_bc_population_is_strict[factual_targets-32]" time="0.002" /><testcase classname="tests.test_geometry_safe_p0_bc_protocol" name="test_geometry_safe_p0_bc_population_is_strict[factual_groups-24]" time="0.002" /><testcase classname="tests.test_geometry_safe_p0_bc_protocol" name="test_geometry_safe_p0_bc_population_is_strict[legal_targets-206]" time="0.002" /><testcase classname="tests.test_geometry_safe_p0_bc_protocol" name="test_geometry_safe_p0_bc_population_is_strict[legal_source_images-149]" time="0.002" /><testcase classname="tests.test_geometry_safe_p0_bc_protocol" name="test_geometry_safe_p0_bc_population_is_strict[legal_groups-145]" time="0.002" /><testcase classname="tests.test_geometry_safe_p0_bc_protocol" name="test_geometry_safe_p0_bc_population_is_strict[role_overlap_groups-14]" time="0.002" /><testcase classname="tests.test_geometry_safe_p0_bc_protocol" name="test_geometry_safe_p0_bc_population_is_strict[role_overlap_factual_targets-18]" time="0.002" /><testcase classname="tests.test_geometry_safe_p0_bc_protocol" name="test_geometry_safe_p0_bc_population_is_strict[role_overlap_legal_targets-25]" time="0.002" /><testcase classname="tests.test_geometry_safe_p0_bc_protocol" name="test_geometry_safe_p0_bc_population_is_strict[legal_exclusive_groups-131]" time="0.002" /><testcase classname="tests.test_geometry_safe_p0_bc_protocol" name="test_geometry_safe_p0_bc_config_has_no_target_identity_allowlist" time="0.001" /><testcase classname="tests.test_geometry_safe_p0_bc_protocol" name="test_geometry_safe_p0_bc_rejects_scope_expansion[execution_policy-allowed_runtime_splits]" time="0.001" /><testcase classname="tests.test_geometry_safe_p0_bc_protocol" name="test_geometry_safe_p0_bc_rejects_scope_expansion[execution_policy-allow_training]" time="0.001" /><testcase classname="tests.test_geometry_safe_p0_bc_protocol" name="test_geometry_safe_p0_bc_rejects_scope_expansion[execution_policy-allow_calibration]" time="0.001" /><testcase classname="tests.test_geometry_safe_p0_bc_protocol" name="test_geometry_safe_p0_bc_rejects_scope_expansion[execution_policy-allow_inference]" time="0.001" /><testcase classname="tests.test_geometry_safe_p0_bc_protocol" name="test_geometry_safe_p0_bc_rejects_scope_expansion[execution_policy-allow_d_v_access]" time="0.001" /><testcase classname="tests.test_geometry_safe_p0_bc_protocol" name="test_geometry_safe_p0_bc_rejects_scope_expansion[execution_policy-allow_d_t_access]" time="0.001" /><testcase classname="tests.test_geometry_safe_p0_bc_protocol" name="test_geometry_safe_p0_bc_rejects_scope_expansion[execution_policy-allow_candidate_s_construction]" time="0.001" /><testcase classname="tests.test_geometry_safe_p0_bc_protocol" name="test_geometry_safe_p0_bc_rejects_scope_expansion[decision_policy-authorizes_candidate_s_construction]" time="0.001" /><testcase classname="tests.test_geometry_safe_p0_bc_protocol" name="test_geometry_safe_p0_bc_rejects_scope_expansion[decision_policy-authorizes_training]" time="0.001" /><testcase classname="tests.test_geometry_safe_p0_bc_protocol" name="test_geometry_safe_p0_bc_rejects_scope_expansion[decision_policy-authorizes_d_v_evaluation]" time="0.002" /><testcase classname="tests.test_geometry_safe_p0_bc_protocol" name="test_geometry_safe_p0_bc_rejects_scope_expansion[decision_policy-authorizes_full_cure]" time="0.001" /><testcase classname="tests.test_geometry_safe_p0_bc_protocol" name="test_geometry_safe_p0_bc_rejects_d_v_and_unknown_fields" time="0.001" /><testcase classname="tests.test_geometry_safe_p0_bc_protocol" name="test_geometry_safe_p0_bc_rejects_malformed_upstream_digests[p0_a1_file_sha256]" time="0.001" /><testcase classname="tests.test_geometry_safe_p0_bc_protocol" name="test_geometry_safe_p0_bc_rejects_malformed_upstream_digests[p0_a1_receipt_fingerprint]" time="0.001" /><testcase classname="tests.test_geometry_safe_p0_bc_protocol" name="test_geometry_safe_p0_bc_rejects_malformed_upstream_digests[eligible_view_file_sha256]" time="0.001" /><testcase classname="tests.test_geometry_safe_p0_bc_protocol" name="test_geometry_safe_p0_bc_rejects_malformed_upstream_digests[eligible_view_receipt_fingerprint]" time="0.001" /><testcase classname="tests.test_geometry_safe_p0_bc_protocol" name="test_geometry_safe_p0_bc_rejects_malformed_upstream_digests[eligible_catalog_fingerprint]" time="0.001" /><testcase classname="tests.test_geometry_safe_p0_bc_protocol" name="test_geometry_safe_p0_bc_runtime_rejects_wrong_upstream_binding[p0_a1_file_sha256]" time="0.005" /><testcase classname="tests.test_geometry_safe_p0_bc_protocol" name="test_geometry_safe_p0_bc_runtime_rejects_wrong_upstream_binding[p0_a1_receipt_fingerprint]" time="0.064" /><testcase classname="tests.test_geometry_safe_p0_bc_protocol" name="test_geometry_safe_p0_bc_runtime_rejects_wrong_upstream_binding[eligible_view_file_sha256]" time="0.004" /><testcase classname="tests.test_geometry_safe_p0_bc_protocol" name="test_geometry_safe_p0_bc_runtime_rejects_wrong_upstream_binding[eligible_view_receipt_fingerprint]" time="0.064" /><testcase classname="tests.test_geometry_safe_p0_bc_protocol" name="test_geometry_safe_p0_bc_runtime_rejects_wrong_upstream_binding[eligible_catalog_fingerprint]" time="0.065" /><testcase classname="tests.test_geometry_safe_p0_bc_protocol" name="test_three_valued_conjunction_truth_table" time="0.001" /><testcase classname="tests.test_geometry_safe_p0_bc_protocol" name="test_geometry_safe_p0_bc_decision_truth_table[pass-pass-pass-eligible_to_design_candidate_s]" time="0.002" /><testcase classname="tests.test_geometry_safe_p0_bc_protocol" name="test_geometry_safe_p0_bc_decision_truth_table[pass-fail-fail-redesign_synthetic_state]" time="0.002" /><testcase classname="tests.test_geometry_safe_p0_bc_protocol" name="test_geometry_safe_p0_bc_decision_truth_table[pass-inconclusive-inconclusive-resolve_p0_bc_inconclusive]" time="0.002" /><testcase classname="tests.test_geometry_safe_p0_bc_protocol" name="test_geometry_safe_p0_bc_decision_truth_table[fail-pass-fail-redesign_synthetic_state]" time="0.002" /><testcase classname="tests.test_geometry_safe_p0_bc_protocol" name="test_geometry_safe_p0_bc_decision_truth_table[fail-fail-fail-redesign_synthetic_state]" time="0.002" /><testcase classname="tests.test_geometry_safe_p0_bc_protocol" name="test_geometry_safe_p0_bc_decision_truth_table[fail-inconclusive-fail-redesign_synthetic_state]" time="0.002" /><testcase classname="tests.test_geometry_safe_p0_bc_protocol" name="test_geometry_safe_p0_bc_decision_truth_table[inconclusive-pass-inconclusive-resolve_p0_bc_inconclusive]" time="0.002" /><testcase classname="tests.test_geometry_safe_p0_bc_protocol" name="test_geometry_safe_p0_bc_decision_truth_table[inconclusive-fail-fail-redesign_synthetic_state]" time="0.002" /><testcase classname="tests.test_geometry_safe_p0_bc_protocol" name="test_geometry_safe_p0_bc_decision_truth_table[inconclusive-inconclusive-inconclusive-resolve_p0_bc_inconclusive]" time="0.002" /><testcase classname="tests.test_gpu_temperature_control" name="test_temperature_action_has_hysteresis[False-81-hold]" time="0.001" /><testcase classname="tests.test_gpu_temperature_control" name="test_temperature_action_has_hysteresis[False-82-pause]" time="0.001" /><testcase classname="tests.test_gpu_temperature_control" name="test_temperature_action_has_hysteresis[False-90-pause]" time="0.001" /><testcase classname="tests.test_gpu_temperature_control" name="test_temperature_action_has_hysteresis[True-76-hold]" time="0.001" /><testcase classname="tests.test_gpu_temperature_control" name="test_temperature_action_has_hysteresis[True-75-continue]" time="0.001" /><testcase classname="tests.test_gpu_temperature_control" name="test_temperature_action_has_hysteresis[True-60-continue]" time="0.001" /><testcase classname="tests.test_gpu_temperature_control" name="test_temperature_action_has_hysteresis[False-None-pause]" time="0.001" /><testcase classname="tests.test_gpu_temperature_control" name="test_temperature_action_has_hysteresis[True-None-hold]" time="0.001" /><testcase classname="tests.test_gpu_temperature_control" name="test_temperature_control_cli_keeps_command_after_separator" time="0.002" /><testcase classname="tests.test_gpu_temperature_control" name="test_temperature_control_cli_rejects_invalid_contract[argv0]" time="0.002" /><testcase classname="tests.test_gpu_temperature_control" name="test_temperature_control_cli_rejects_invalid_contract[argv1]" time="0.002" /><testcase classname="tests.test_gpu_temperature_control" name="test_temperature_control_cli_rejects_invalid_contract[argv2]" time="0.002" /><testcase classname="tests.test_gpu_temperature_control" name="test_temperature_control_cli_rejects_invalid_contract[argv3]" time="0.002" /><testcase classname="tests.test_gpu_temperature_control" name="test_temperature_control_cli_rejects_invalid_contract[argv4]" time="0.002" /><testcase classname="tests.test_gpu_temperature_control" name="test_controlled_command_preserves_nonzero_exit_code" time="0.040" /><testcase classname="tests.test_gpu_temperature_control" name="test_signal_return_code_is_normalized" time="0.001" /><testcase classname="tests.test_instances_equivalence" name="test_foreground_only_cc_is_exactly_legacy_equivalent[1-4]" time="0.056" /><testcase classname="tests.test_instances_equivalence" name="test_foreground_only_cc_is_exactly_legacy_equivalent[1-8]" time="0.058" /><testcase classname="tests.test_instances_equivalence" name="test_foreground_only_cc_is_exactly_legacy_equivalent[2-4]" time="0.040" /><testcase classname="tests.test_instances_equivalence" name="test_foreground_only_cc_is_exactly_legacy_equivalent[2-8]" time="0.053" /><testcase classname="tests.test_instances_equivalence" name="test_foreground_only_cc_is_exactly_legacy_equivalent[5-4]" time="0.041" /><testcase classname="tests.test_instances_equivalence" name="test_foreground_only_cc_is_exactly_legacy_equivalent[5-8]" time="0.052" /><testcase classname="tests.test_miss_alignment" name="test_positive_region_feature_rms_uses_area_weights_and_channels" time="0.002" /><testcase classname="tests.test_miss_alignment" name="test_zero_feature_has_zero_descriptor" time="0.002" /><testcase classname="tests.test_miss_alignment" name="test_batched_descriptors_equal_independent_target_descriptors" time="0.003" /><testcase classname="tests.test_miss_alignment" name="test_miss_alignment_distance_is_fixed_half_up_quantization" time="0.001" /><testcase classname="tests.test_miss_alignment" name="test_nearest_legal_selection_is_global_order_invariant_and_stable" time="0.001" /><testcase classname="tests.test_miss_alignment" name="test_nearest_legal_selection_uses_identity_tie_break" time="0.001" /><testcase classname="tests.test_miss_alignment" name="test_miss_alignment_has_no_alternate_policy_or_uniform_fallback" time="0.001" /><testcase classname="tests.test_mshnet_adapter" name="test_checkpoint_load_matches_native_probability_and_decoder_feature" time="0.052" /><testcase classname="tests.test_mshnet_adapter" name="test_checkpoint_digest_mismatch_is_rejected" time="0.032" /><testcase classname="tests.test_mshnet_adapter" name="test_checkpoint_with_bad_keys_is_rejected[missing]" time="0.036" /><testcase classname="tests.test_mshnet_adapter" name="test_checkpoint_with_bad_keys_is_rejected[unexpected]" time="0.034" /><testcase classname="tests.test_mshnet_adapter" name="test_preprocess_enforces_rgb_and_fingerprinted_grid" time="0.042" /><testcase classname="tests.test_mshnet_adapter" name="test_requested_device_is_canonicalized_to_the_model_device" time="0.040" /><testcase classname="tests.test_mshnet_adapter" name="test_cure_update_leaves_all_mshnet_parameters_and_buffers_unchanged" time="0.058" /><testcase classname="tests.test_mshnet_adapter" name="test_close_is_idempotent_removes_hook_and_disables_extract" time="0.039" /><testcase classname="tests.test_mshnet_adapter" name="test_close_deep_audit_detects_data_write_and_still_removes_hook" time="0.036" /><testcase classname="tests.test_mshnet_adapter" name="test_real_sibling_mshnet_random_weight_interface_parity" time="0.614" /><testcase classname="tests.test_p0_diagnostics_core" name="test_exposure_replay_can_consume_the_frozen_training_draw" time="0.003" /><testcase classname="tests.test_p0_diagnostics_core" name="test_nearest_resize_can_remove_a_native_pixel" time="0.001" /><testcase classname="tests.test_p0_diagnostics_core" name="test_pixel_center_centroid_scaling_is_explicit" time="0.001" /><testcase classname="tests.test_p0_diagnostics_core" name="test_group_kth_distance_excludes_the_query_group" time="0.001" /><testcase classname="tests.test_p0_diagnostics_core" name="test_higher_quantile_uses_frozen_order_statistic" time="0.001" /><testcase classname="tests.test_p0_diagnostics_core" name="test_weighted_auc_handles_ties_and_group_weights" time="0.001" /><testcase classname="tests.test_p0_diagnostics_core" name="test_robust_scale_preserves_zero_mad_and_constant_dimensions" time="0.002" /><testcase classname="tests.test_p0_diagnostics_core" name="test_feature_projection_keeps_legal_subspace_residual" time="0.002" /><testcase classname="tests.test_p0_diagnostics_core" name="test_group_mmd_u_excludes_group_diagonals_and_keeps_negative_value" time="0.001" /><testcase classname="tests.test_p0_diagnostics_core" name="test_mmd_uses_matched_source_disjoint_group_sizes" time="0.365" /><testcase classname="tests.test_p0_diagnostics_core" name="test_p0_d_does_not_construct_candidate_when_upstream_fails" time="0.001" /><testcase classname="tests.test_p0_diagnostics_core" name="test_exposure_statistics_include_zero_support_and_top_k" time="0.001" /><testcase classname="tests.test_p0_protocol" name="test_frozen_p0_config_is_canonical_and_d_r_only" time="0.002" /><testcase classname="tests.test_p0_protocol" name="test_p0_config_rejects_d_v_and_unknown_fields" time="0.001" /><testcase classname="tests.test_p0_protocol" name="test_p0_config_requires_explicit_geometry_thresholds" time="0.001" /><testcase classname="tests.test_p0_protocol" name="test_p0_config_rejects_invalid_logit_clip" time="0.001" /><testcase classname="tests.test_p0_protocol" name="test_p0_cli_exposes_no_validation_or_training_argument" time="0.001" /><testcase classname="tests.test_package_import" name="test_installed_package_resolves_to_nested_source_tree" time="0.001" /><testcase classname="tests.test_package_import" name="test_package_version_matches_project_metadata" time="0.001" /><testcase classname="tests.test_package_import" name="test_public_api_is_unique_resolvable_and_contains_main_lite_types" time="0.001" /><testcase classname="tests.test_package_import" name="test_public_root_does_not_import_adapter_specific_or_future_namespaces" time="0.001" /><testcase classname="tests.test_package_import" name="test_experiment_api_exposes_paired_v01_and_m_only_v02_routes" time="0.001" /><testcase classname="tests.test_paired_artifacts" name="test_config_is_separate_from_old_synthetic_artifact_semantics" time="0.006" /><testcase classname="tests.test_paired_artifacts" name="test_paired_artifact_round_trip_and_create_only" time="0.115" /><testcase classname="tests.test_paired_artifacts" name="test_loader_rejects_incomplete_and_tampered_artifacts" time="0.065" /><testcase classname="tests.test_paired_artifacts" name="test_ledger_rejects_shortened_compute_or_recovery_semantics" time="0.005" /><testcase classname="tests.test_paired_bounded_learnability" name="test_final_control_r1_r2_binding_is_strict_and_ready" time="0.019" /><testcase classname="tests.test_paired_bounded_learnability" name="test_cli_has_no_seed_budget_or_evaluation_split_override" time="0.005" /><testcase classname="tests.test_paired_bounded_learnability" name="test_cpu_deterministic_policy_restores_process_flags" time="0.001" /><testcase classname="tests.test_paired_bounded_learnability" name="test_frozen_schedule_has_exact_400_update_uniform_ledgers" time="0.016" /><testcase classname="tests.test_paired_bounded_learnability" name="test_one_toy_update_has_exact_forward_and_state_budget" time="0.032" /><testcase classname="tests.test_paired_bounded_learnability" name="test_runner_structural_gate_keys_match_the_freeze_exactly" time="0.001" /><testcase classname="tests.test_paired_bounded_learnability" name="test_sealed_failure_artifact_loads_and_tampering_is_rejected" time="0.048" /><testcase classname="tests.test_paired_catalog" name="test_pair_catalog_materializes_clean_and_null_roles" time="0.075" /><testcase classname="tests.test_paired_catalog" name="test_clean_pairs_recompute_exact_instance_completion_truth" time="0.073" /><testcase classname="tests.test_paired_catalog" name="test_null_pairs_are_controls_and_not_trainable" time="0.071" /><testcase classname="tests.test_paired_catalog" name="test_pair_batch_stores_one_feature_per_pair_and_validates_roles" time="0.079" /><testcase classname="tests.test_paired_catalog" name="test_catalog_is_canonical_and_deterministic" time="0.103" /><testcase classname="tests.test_paired_catalog" name="test_geometry_ineligible_candidate_is_explicitly_excluded" time="0.072" /><testcase classname="tests.test_paired_catalog" name="test_pair_example_rejects_a_corrupted_actual_increment" time="0.074" /><testcase classname="tests.test_paired_control_bounded_execution" name="test_frozen_config_and_cli_have_no_scientific_override" time="0.007" /><testcase classname="tests.test_paired_control_bounded_execution" name="test_upstream_bounded_pass_and_control_preflight_are_exact" time="0.099" /><testcase classname="tests.test_paired_control_bounded_execution" name="test_runtime_binding_closes_real_control_identities_on_toy" time="0.014" /><testcase classname="tests.test_paired_control_bounded_execution" name="test_runtime_binding_rejects_static_identity_tampering" time="0.009" /><testcase classname="tests.test_paired_control_bounded_execution" name="test_loader_rejects_incomplete_or_unknown_inventory" time="0.002" /><testcase classname="tests.test_paired_control_bounded_execution" name="test_real_r1_r2_are_byte_identical_loadable_and_tamper_rejected" time="0.094" /><testcase classname="tests.test_paired_control_inputs" name="test_nominal_zero_feature_preserves_only_shape_dtype_and_device" time="0.001" /><testcase classname="tests.test_paired_control_inputs" name="test_dct_basis_is_source_independent_ordered_and_fingerprinted" time="0.006" /><testcase classname="tests.test_paired_control_inputs" name="test_dct_basis_keeps_every_feature_project_channel_gradient_activatable" time="0.004" /><testcase classname="tests.test_paired_control_inputs" name="test_dct_basis_rejects_more_channels_than_non_dc_modes" time="0.001" /><testcase classname="tests.test_paired_control_inputs" name="test_feature_only_control_uses_one_fixed_zero_occupancy" time="0.001" /><testcase classname="tests.test_paired_control_inputs" name="test_target_permutation_is_deterministic_source_disjoint_and_fixed_point_free" time="0.005" /><testcase classname="tests.test_paired_control_inputs" name="test_target_permutation_compatibility_checks_shape_support_and_identity" time="0.005" /><testcase classname="tests.test_paired_control_inputs" name="test_no_compatible_perfect_matching_is_explicitly_inconclusive" time="0.004" /><testcase classname="tests.test_paired_control_losses" name="test_geometry_matched_endpoint_has_exact_T_B_M_pixel_semantics" time="0.001" /><testcase classname="tests.test_paired_control_losses" name="test_geometry_matched_control_rejects_nonwritable_completion_pixels" time="0.001" /><testcase classname="tests.test_paired_control_losses" name="test_independent_endpoint_erm_uses_endpoint_then_pair_macro_reduction" time="0.006" /><testcase classname="tests.test_paired_control_losses" name="test_independent_endpoint_erm_is_separable_and_not_main_objective" time="0.005" /><testcase classname="tests.test_paired_control_losses" name="test_after_only_is_old_atomic_synthetic_loss_and_blocks_plus_gradient" time="0.005" /><testcase classname="tests.test_paired_control_losses" name="test_stop_gradient_controls_preserve_value_but_isolate_one_endpoint[plus_detached_paired_difference_loss-plus]" time="0.003" /><testcase classname="tests.test_paired_control_losses" name="test_stop_gradient_controls_preserve_value_but_isolate_one_endpoint[minus_detached_paired_difference_loss-minus]" time="0.003" /><testcase classname="tests.test_paired_control_preflight" name="test_real_contract_receipts_are_derived_without_raw_tensors" time="0.007" /><testcase classname="tests.test_paired_control_preflight" name="test_publications_are_create_only_byte_identical_and_fully_loadable" time="0.031" /><testcase classname="tests.test_paired_control_preflight" name="test_tamper_or_incomplete_publication_is_rejected" time="0.016" /><testcase classname="tests.test_paired_control_preflight" name="test_no_source_disjoint_perfect_matching_is_explicitly_inconclusive" time="0.013" /><testcase classname="tests.test_paired_control_preflight" name="test_source_binding_includes_the_production_control_step" time="0.001" /><testcase classname="tests.test_paired_control_preflight" name="test_real_runner_cli_has_no_training_or_non_d_r_controls" time="0.001" /><testcase classname="tests.test_paired_control_preflight" name="test_bounded_config_gate_matches_control_complete_contract" time="0.001" /><testcase classname="tests.test_paired_control_step" name="test_every_control_keeps_the_frozen_budget_and_single_step[independent_endpoint]" time="0.034" /><testcase classname="tests.test_paired_control_step" name="test_every_control_keeps_the_frozen_budget_and_single_step[after_only]" time="0.025" /><testcase classname="tests.test_paired_control_step" name="test_every_control_keeps_the_frozen_budget_and_single_step[zero_feature]" time="0.024" /><testcase classname="tests.test_paired_control_step" name="test_every_control_keeps_the_frozen_budget_and_single_step[coordinate_basis]" time="0.026" /><testcase classname="tests.test_paired_control_step" name="test_every_control_keeps_the_frozen_budget_and_single_step[feature_only]" time="0.024" /><testcase classname="tests.test_paired_control_step" name="test_every_control_keeps_the_frozen_budget_and_single_step[target_permutation]" time="0.025" /><testcase classname="tests.test_paired_control_step" name="test_every_control_keeps_the_frozen_budget_and_single_step[plus_detach]" time="0.025" /><testcase classname="tests.test_paired_control_step" name="test_every_control_keeps_the_frozen_budget_and_single_step[minus_detach]" time="0.025" /><testcase classname="tests.test_paired_control_step" name="test_control_input_transforms_are_exact[zero_feature]" time="0.025" /><testcase classname="tests.test_paired_control_step" name="test_control_input_transforms_are_exact[coordinate_basis]" time="0.028" /><testcase classname="tests.test_paired_control_step" name="test_control_input_transforms_are_exact[feature_only]" time="0.025" /><testcase classname="tests.test_paired_control_step" name="test_independent_and_after_only_dispatch_exact_absolute_targets" time="0.051" /><testcase classname="tests.test_paired_control_step" name="test_target_permutation_consumes_explicit_permuted_labels" time="0.025" /><testcase classname="tests.test_paired_control_step" name="test_stop_gradient_control_updates_differ_from_main_objective[plus_detach]" time="0.047" /><testcase classname="tests.test_paired_control_step" name="test_stop_gradient_control_updates_differ_from_main_objective[minus_detach]" time="0.047" /><testcase classname="tests.test_paired_control_step" name="test_invalid_control_preflight_has_zero_training_side_effects" time="0.005" /><testcase classname="tests.test_paired_formal_controls" name="test_provider_receipt_seals_all_pairs_sources_and_control_only_scope" time="0.098" /><testcase classname="tests.test_paired_formal_controls" name="test_provider_returns_exact_keys_and_is_epoch_step_independent" time="0.002" /><testcase classname="tests.test_paired_formal_controls" name="test_provider_rejects_wrong_runtime_shape_dtype_device_and_identity" time="0.002" /><testcase classname="tests.test_paired_formal_controls" name="test_builder_rejects_missing_source_and_wrong_preflight_fingerprints" time="0.122" /><testcase classname="tests.test_paired_formal_controls" name="test_provider_detects_post_build_tensor_mutation" time="0.005" /><testcase classname="tests.test_paired_formal_controls" name="test_real_206_pair_static_provider_closes_authoritative_preflight" time="45.860" /><testcase classname="tests.test_paired_formal_decision" name="test_wave_method_sets_are_cumulative_and_exact" time="0.001" /><testcase classname="tests.test_paired_formal_decision" name="test_formal_wave_pass_is_per_seed_and_requires_both_margins" time="0.002" /><testcase classname="tests.test_paired_formal_decision" name="test_one_seed_cannot_be_compensated_by_the_other_seed" time="0.002" /><testcase classname="tests.test_paired_formal_decision" name="test_constraint_failure_stops_even_when_performance_margins_pass" time="0.002" /><testcase classname="tests.test_paired_formal_decision" name="test_comparator_uses_calibration_retention_but_proposed_requires_one" time="0.002" /><testcase classname="tests.test_paired_formal_decision" name="test_final_wave_only_authorizes_frozen_confirmation" time="0.003" /><testcase classname="tests.test_paired_formal_decision" name="test_missing_duplicate_extra_or_inconsistent_evidence_is_rejected" time="0.001" /><testcase classname="tests.test_paired_formal_decision" name="test_pd_must_equal_the_exact_target_count_fraction" time="0.001" /><testcase classname="tests.test_paired_formal_decision" name="test_all_methods_and_seeds_must_share_comparison_protocol" time="0.001" /><testcase classname="tests.test_paired_formal_evaluation" name="test_result_contains_complete_metrics_bindings_and_decision_evidence" time="0.005" /><testcase classname="tests.test_paired_formal_evaluation" name="test_population_pd_and_recovery_denominators_are_exact" time="0.009" /><testcase classname="tests.test_paired_formal_evaluation" name="test_frozen_budget_is_checked_on_construction_and_load" time="0.005" /><testcase classname="tests.test_paired_formal_evaluation" name="test_strict_selected_evaluation_binds_method_seed_and_current_config_api" time="0.005" /><testcase classname="tests.test_paired_formal_evaluation" name="test_replayed_metrics_must_equal_selected_metrics" time="0.003" /><testcase classname="tests.test_paired_formal_evaluation" name="test_create_only_round_trip_and_tamper_rejection" time="0.016" /><testcase classname="tests.test_paired_formal_evaluation" name="test_historical_receipt_adapter_never_requires_reevaluation[Base@B-0.8823529411764706-150-3]" time="0.005" /><testcase classname="tests.test_paired_formal_evaluation" name="test_historical_receipt_adapter_never_requires_reevaluation[F-0.9058823529411765-154-7]" time="0.005" /><testcase classname="tests.test_paired_formal_evaluation" name="test_historical_receipt_adapter_never_requires_reevaluation[F\xd7-0.8764705882352941-149-2]" time="0.005" /><testcase classname="tests.test_paired_formal_evaluation" name="test_historical_receipt_adapter_never_requires_reevaluation[U-0.888235294117647-151-4]" time="0.005" /><testcase classname="tests.test_paired_formal_evaluation" name="test_historical_adapter_rejects_rounded_or_noncanonical_values" time="0.007" /><testcase classname="tests.test_paired_formal_evaluation" name="test_authoritative_comparison_protocol_is_frozen_to_fx_v3" time="0.003" /><testcase classname="tests.test_paired_formal_evaluation" name="test_protocol_loader_rejects_100_image_assumption_duplicate_and_tamper" time="0.004" /><testcase classname="tests.test_paired_formal_evaluation" name="test_historical_adapter_rejects_wrong_method_seed_protocol_binding" time="0.005" /><testcase classname="tests.test_paired_formal_evaluation" name="test_control_result_requires_provider_but_proposed_forbids_it" time="0.073" /><testcase classname="tests.test_paired_formal_evaluation" name="test_module_exposes_no_split_or_d_t_selection_argument" time="0.001" /><testcase classname="tests.test_paired_formal_preflight" name="test_schedule_receipts_seal_sequences_ledgers_and_budget" time="12.652" /><testcase classname="tests.test_paired_formal_preflight" name="test_all_nine_method_labels_share_schedule_per_seed" time="0.002" /><testcase classname="tests.test_paired_formal_preflight" name="test_create_load_exact_replay_and_tamper_rejection" time="0.247" /><testcase classname="tests.test_paired_formal_preflight" name="test_config_rejects_method_and_scientific_policy_changes" time="0.004" /><testcase classname="tests.test_paired_formal_preflight" name="test_loader_rejects_self_consistent_receipt_policy_flip" time="0.048" /><testcase classname="tests.test_paired_formal_runner" name="test_config_is_canonical_and_tamper_evident" time="0.028" /><testcase classname="tests.test_paired_formal_runner" name="test_cpu_seed_initialization_is_method_independent" time="0.029" /><testcase classname="tests.test_paired_formal_runner" name="test_runtime_input_fingerprint_is_seed_specific_and_tensor_complete" time="25.288" /><testcase classname="tests.test_paired_formal_runner" name="test_failed_attempt_is_not_reusable_and_writes_no_artifact" time="0.033" /><testcase classname="tests.test_paired_formal_runner" name="test_bounded_fake_completion_publishes_strict_artifact_last" time="0.259" /><testcase classname="tests.test_paired_formal_runner" name="test_post_training_runtime_change_prevents_artifact_save" time="6.337" /><testcase classname="tests.test_paired_formal_runner" name="test_production_api_has_no_horizon_or_evaluation_override" time="0.002" /><testcase classname="tests.test_paired_formal_schedule" name="test_full_32k_schedule_binds_pair_and_exact_factual_draws" time="6.283" /><testcase classname="tests.test_paired_formal_schedule" name="test_schedule_is_deterministic_and_seed_specific" time="12.591" /><testcase classname="tests.test_paired_formal_schedule" name="test_schedule_rejects_sequence_ledger_and_fingerprint_tampering" time="0.662" /><testcase classname="tests.test_paired_formal_schedule" name="test_proposed_and_all_controls_reuse_the_same_schedule_object" time="0.001" /><testcase classname="tests.test_paired_formal_schedule" name="test_production_builder_uses_prepared_catalog_epoch_pools" time="6.304" /><testcase classname="tests.test_paired_formal_training" name="test_exposure_fingerprints_bind_all_three_sequences_and_ledgers" time="6.286" /><testcase classname="tests.test_paired_formal_training" name="test_one_real_update_supports_primary_method_and_all_eight_controls[paired_difference]" time="0.071" /><testcase classname="tests.test_paired_formal_training" name="test_one_real_update_supports_primary_method_and_all_eight_controls[independent_endpoint]" time="0.027" /><testcase classname="tests.test_paired_formal_training" name="test_one_real_update_supports_primary_method_and_all_eight_controls[after_only]" time="0.025" /><testcase classname="tests.test_paired_formal_training" name="test_one_real_update_supports_primary_method_and_all_eight_controls[zero_feature]" time="0.024" /><testcase classname="tests.test_paired_formal_training" name="test_one_real_update_supports_primary_method_and_all_eight_controls[coordinate_basis]" time="0.026" /><testcase classname="tests.test_paired_formal_training" name="test_one_real_update_supports_primary_method_and_all_eight_controls[feature_only]" time="0.024" /><testcase classname="tests.test_paired_formal_training" name="test_one_real_update_supports_primary_method_and_all_eight_controls[target_permutation]" time="0.025" /><testcase classname="tests.test_paired_formal_training" name="test_one_real_update_supports_primary_method_and_all_eight_controls[plus_detach]" time="0.024" /><testcase classname="tests.test_paired_formal_training" name="test_one_real_update_supports_primary_method_and_all_eight_controls[minus_detach]" time="0.025" /><testcase classname="tests.test_paired_formal_training" name="test_every_method_can_start_from_identical_external_bytes" time="0.024" /><testcase classname="tests.test_paired_formal_training" name="test_zero_gradient_update_is_rejected" time="0.003" /><testcase classname="tests.test_paired_formal_training" name="test_completed_adam_requires_exact_finite_moment_state" time="0.002" /><testcase classname="tests.test_paired_formal_training" name="test_full_public_loop_builds_800_logs_and_exact_execution_ledger" time="0.074" /><testcase classname="tests.test_paired_formal_training" name="test_entry_rejects_recovery_schedule_drift_and_control_injection" time="0.007" /><testcase classname="tests.test_paired_formal_training" name="test_control_entry_requires_exact_frozen_provider_and_fingerprint" time="0.006" /><testcase classname="tests.test_paired_formal_training" name="test_public_entry_has_no_horizon_checkpoint_resume_or_split_override" time="0.004" /><testcase classname="tests.test_paired_formal_wave_reveal" name="test_one_shot_reveal_materializes_once_evaluates_four_and_decides_once" time="0.368" /><testcase classname="tests.test_paired_formal_wave_reveal" name="test_non_d_v_failure_occurs_before_bundle_materialization" time="0.028" /><testcase classname="tests.test_paired_formal_wave_reveal" name="test_failed_publication_never_creates_final_and_staging_cannot_be_reused" time="0.069" /><testcase classname="tests.test_paired_formal_wave_reveal" name="test_failed_evaluation_claims_before_d_v_and_cannot_be_reused" time="0.037" /><testcase classname="tests.test_paired_formal_wave_reveal" name="test_published_loader_rejects_result_tamper" time="0.475" /><testcase classname="tests.test_paired_formal_wave_reveal" name="test_decision_is_bound_to_reveal_config_and_recomputed_from_evidence" time="0.234" /><testcase classname="tests.test_paired_formal_wave_reveal" name="test_config_rejects_extra_attempt_and_policy_override" time="0.013" /><testcase classname="tests.test_paired_historical_evidence" name="test_authoritative_pair_loads_as_immutable_adapter_inputs" time="0.072" /><testcase classname="tests.test_paired_historical_evidence" name="test_loader_is_read_only_and_does_not_open_d_v" time="0.028" /><testcase classname="tests.test_paired_historical_evidence" name="test_loader_rejects_tampered_bound_receipts[relative0-receipt hash mismatch]" time="0.011" /><testcase classname="tests.test_paired_historical_evidence" name="test_loader_rejects_tampered_bound_receipts[relative1-receipt hash mismatch]" time="0.011" /><testcase classname="tests.test_paired_historical_evidence" name="test_loader_rejects_tampered_bound_receipts[relative2-receipt hash mismatch]" time="0.011" /><testcase classname="tests.test_paired_historical_evidence" name="test_loader_rejects_tampered_bound_receipts[relative3-COMPLETE fingerprint mismatch]" t
[...]
s.test_synthetic_state_failure_runner" name="test_mmd_screen_is_descriptive_q95_crossing_without_p_value" time="0.001" /><testcase classname="tests.test_synthetic_state_failure_runner" name="test_auc_is_three_valued_and_combined_with_descriptive_crossing" time="0.001" /><testcase classname="tests.test_synthetic_state_failure_runner" name="test_diagnostic_decision_never_authorizes_a_next_mechanism" time="0.003" /><testcase classname="tests.test_synthetic_state_failure_runner" name="test_stratum_auc_states_form_a_non_authorizing_signature" time="0.001" /><testcase classname="tests.test_synthetic_state_failure_runner" name="test_frozen_fit_failure_becomes_inconclusive_without_refit" time="0.001" /><testcase classname="tests.test_synthetic_state_failure_runner" name="test_full_population_screen_preserves_fixed_fit_inconclusive" time="0.001" /><testcase classname="tests.test_synthetic_state_failure_runner" name="test_drop_one_summary_is_fixed_paired_log_loss_not_selection" time="0.001" /><testcase classname="tests.test_synthetic_state_failure_runner" name="test_projection_fit_populations_and_pca_residual_are_verified" time="0.003" /><testcase classname="tests.test_synthetic_state_failure_runner" name="test_factual_signatures_are_fixed_six_block_descriptions" time="0.003" /><testcase classname="tests.test_synthetic_state_hypothesis_review" name="test_hypothesis_review_receipt_is_canonical_and_frozen" time="0.002" /><testcase classname="tests.test_synthetic_state_hypothesis_review" name="test_hypothesis_review_binds_exact_evidence_and_source_code" time="0.050" /><testcase classname="tests.test_synthetic_state_hypothesis_review" name="test_hypothesis_review_records_h0_without_method_overreach" time="0.001" /><testcase classname="tests.test_synthetic_state_hypothesis_review" name="test_hypothesis_review_authorizes_only_read_only_redefinition" time="0.001" /><testcase classname="tests.test_synthetic_state_hypothesis_review" name="test_hypothesis_review_documents_preserve_the_cure_mainline" time="0.002" /><testcase classname="tests.test_toy_provider" name="test_clean_scene_contains_two_separated_matched_targets" time="0.005" /><testcase classname="tests.test_toy_provider" name="test_local_attenuation_misses_exactly_the_selected_target[1]" time="0.008" /><testcase classname="tests.test_toy_provider" name="test_local_attenuation_misses_exactly_the_selected_target[2]" time="0.008" /><testcase classname="tests.test_toy_provider" name="test_factual_miss_remains_visible_in_frozen_feature" time="0.005" /><testcase classname="tests.test_toy_provider" name="test_toy_adapter_is_frozen_detached_deterministic_and_fingerprinted" time="0.004" /><testcase classname="tests.test_toy_provider" name="test_toy_adapter_supports_batches_and_rejects_wrong_channels" time="0.006" /><testcase classname="tests.test_toy_provider" name="test_frozen_base_contract_rejects_feature_dtype_incompatible_with_decoder" time="0.001" /><testcase classname="tests.test_training_catalog_equivalence" name="test_prepared_catalog_is_bit_exact_to_legacy_epoch_semantics[0-0-factual_only-False]" time="0.078" /><testcase classname="tests.test_training_catalog_equivalence" name="test_prepared_catalog_is_bit_exact_to_legacy_epoch_semantics[0-0-factual_only-True]" time="0.015" /><testcase classname="tests.test_training_catalog_equivalence" name="test_prepared_catalog_is_bit_exact_to_legacy_epoch_semantics[0-0-factual_exposure_matched-False]" time="0.015" /><testcase classname="tests.test_training_catalog_equivalence" name="test_prepared_catalog_is_bit_exact_to_legacy_epoch_semantics[0-0-factual_exposure_matched-True]" time="0.015" /><testcase classname="tests.test_training_catalog_equivalence" name="test_prepared_catalog_is_bit_exact_to_legacy_epoch_semantics[0-0-uniform_legal-False]" time="0.022" /><testcase classname="tests.test_training_catalog_equivalence" name="test_prepared_catalog_is_bit_exact_to_legacy_epoch_semantics[0-0-uniform_legal-True]" time="0.022" /><testcase classname="tests.test_training_catalog_equivalence" name="test_prepared_catalog_is_bit_exact_to_legacy_epoch_semantics[0-19-factual_only-False]" time="0.015" /><testcase classname="tests.test_training_catalog_equivalence" name="test_prepared_catalog_is_bit_exact_to_legacy_epoch_semantics[0-19-factual_only-True]" time="0.015" /><testcase classname="tests.test_training_catalog_equivalence" name="test_prepared_catalog_is_bit_exact_to_legacy_epoch_semantics[0-19-factual_exposure_matched-False]" time="0.015" /><testcase classname="tests.test_training_catalog_equivalence" name="test_prepared_catalog_is_bit_exact_to_legacy_epoch_semantics[0-19-factual_exposure_matched-True]" time="0.015" /><testcase classname="tests.test_training_catalog_equivalence" name="test_prepared_catalog_is_bit_exact_to_legacy_epoch_semantics[0-19-uniform_legal-False]" time="0.022" /><testcase classname="tests.test_training_catalog_equivalence" name="test_prepared_catalog_is_bit_exact_to_legacy_epoch_semantics[0-19-uniform_legal-True]" time="0.022" /><testcase classname="tests.test_training_catalog_equivalence" name="test_prepared_catalog_is_bit_exact_to_legacy_epoch_semantics[0-2147483647-factual_only-False]" time="0.015" /><testcase classname="tests.test_training_catalog_equivalence" name="test_prepared_catalog_is_bit_exact_to_legacy_epoch_semantics[0-2147483647-factual_only-True]" time="0.015" /><testcase classname="tests.test_training_catalog_equivalence" name="test_prepared_catalog_is_bit_exact_to_legacy_epoch_semantics[0-2147483647-factual_exposure_matched-False]" time="0.015" /><testcase classname="tests.test_training_catalog_equivalence" name="test_prepared_catalog_is_bit_exact_to_legacy_epoch_semantics[0-2147483647-factual_exposure_matched-True]" time="0.015" /><testcase classname="tests.test_training_catalog_equivalence" name="test_prepared_catalog_is_bit_exact_to_legacy_epoch_semantics[0-2147483647-uniform_legal-False]" time="0.022" /><testcase classname="tests.test_training_catalog_equivalence" name="test_prepared_catalog_is_bit_exact_to_legacy_epoch_semantics[0-2147483647-uniform_legal-True]" time="0.022" /><testcase classname="tests.test_training_catalog_equivalence" name="test_prepared_catalog_is_bit_exact_to_legacy_epoch_semantics[1-0-factual_only-False]" time="0.015" /><testcase classname="tests.test_training_catalog_equivalence" name="test_prepared_catalog_is_bit_exact_to_legacy_epoch_semantics[1-0-factual_only-True]" time="0.015" /><testcase classname="tests.test_training_catalog_equivalence" name="test_prepared_catalog_is_bit_exact_to_legacy_epoch_semantics[1-0-factual_exposure_matched-False]" time="0.015" /><testcase classname="tests.test_training_catalog_equivalence" name="test_prepared_catalog_is_bit_exact_to_legacy_epoch_semantics[1-0-factual_exposure_matched-True]" time="0.015" /><testcase classname="tests.test_training_catalog_equivalence" name="test_prepared_catalog_is_bit_exact_to_legacy_epoch_semantics[1-0-uniform_legal-False]" time="0.022" /><testcase classname="tests.test_training_catalog_equivalence" name="test_prepared_catalog_is_bit_exact_to_legacy_epoch_semantics[1-0-uniform_legal-True]" time="0.022" /><testcase classname="tests.test_training_catalog_equivalence" name="test_prepared_catalog_is_bit_exact_to_legacy_epoch_semantics[1-19-factual_only-False]" time="0.015" /><testcase classname="tests.test_training_catalog_equivalence" name="test_prepared_catalog_is_bit_exact_to_legacy_epoch_semantics[1-19-factual_only-True]" time="0.015" /><testcase classname="tests.test_training_catalog_equivalence" name="test_prepared_catalog_is_bit_exact_to_legacy_epoch_semantics[1-19-factual_exposure_matched-False]" time="0.015" /><testcase classname="tests.test_training_catalog_equivalence" name="test_prepared_catalog_is_bit_exact_to_legacy_epoch_semantics[1-19-factual_exposure_matched-True]" time="0.015" /><testcase classname="tests.test_training_catalog_equivalence" name="test_prepared_catalog_is_bit_exact_to_legacy_epoch_semantics[1-19-uniform_legal-False]" time="0.022" /><testcase classname="tests.test_training_catalog_equivalence" name="test_prepared_catalog_is_bit_exact_to_legacy_epoch_semantics[1-19-uniform_legal-True]" time="0.022" /><testcase classname="tests.test_training_catalog_equivalence" name="test_prepared_catalog_is_bit_exact_to_legacy_epoch_semantics[1-2147483647-factual_only-False]" time="0.015" /><testcase classname="tests.test_training_catalog_equivalence" name="test_prepared_catalog_is_bit_exact_to_legacy_epoch_semantics[1-2147483647-factual_only-True]" time="0.015" /><testcase classname="tests.test_training_catalog_equivalence" name="test_prepared_catalog_is_bit_exact_to_legacy_epoch_semantics[1-2147483647-factual_exposure_matched-False]" time="0.015" /><testcase classname="tests.test_training_catalog_equivalence" name="test_prepared_catalog_is_bit_exact_to_legacy_epoch_semantics[1-2147483647-factual_exposure_matched-True]" time="0.015" /><testcase classname="tests.test_training_catalog_equivalence" name="test_prepared_catalog_is_bit_exact_to_legacy_epoch_semantics[1-2147483647-uniform_legal-False]" time="0.022" /><testcase classname="tests.test_training_catalog_equivalence" name="test_prepared_catalog_is_bit_exact_to_legacy_epoch_semantics[1-2147483647-uniform_legal-True]" time="0.022" /><testcase classname="tests.test_training_catalog_equivalence" name="test_prepared_catalog_is_bit_exact_to_legacy_epoch_semantics[2-0-factual_only-False]" time="0.015" /><testcase classname="tests.test_training_catalog_equivalence" name="test_prepared_catalog_is_bit_exact_to_legacy_epoch_semantics[2-0-factual_only-True]" time="0.015" /><testcase classname="tests.test_training_catalog_equivalence" name="test_prepared_catalog_is_bit_exact_to_legacy_epoch_semantics[2-0-factual_exposure_matched-False]" time="0.015" /><testcase classname="tests.test_training_catalog_equivalence" name="test_prepared_catalog_is_bit_exact_to_legacy_epoch_semantics[2-0-factual_exposure_matched-True]" time="0.015" /><testcase classname="tests.test_training_catalog_equivalence" name="test_prepared_catalog_is_bit_exact_to_legacy_epoch_semantics[2-0-uniform_legal-False]" time="0.022" /><testcase classname="tests.test_training_catalog_equivalence" name="test_prepared_catalog_is_bit_exact_to_legacy_epoch_semantics[2-0-uniform_legal-True]" time="0.022" /><testcase classname="tests.test_training_catalog_equivalence" name="test_prepared_catalog_is_bit_exact_to_legacy_epoch_semantics[2-19-factual_only-False]" time="0.015" /><testcase classname="tests.test_training_catalog_equivalence" name="test_prepared_catalog_is_bit_exact_to_legacy_epoch_semantics[2-19-factual_only-True]" time="0.015" /><testcase classname="tests.test_training_catalog_equivalence" name="test_prepared_catalog_is_bit_exact_to_legacy_epoch_semantics[2-19-factual_exposure_matched-False]" time="0.015" /><testcase classname="tests.test_training_catalog_equivalence" name="test_prepared_catalog_is_bit_exact_to_legacy_epoch_semantics[2-19-factual_exposure_matched-True]" time="0.015" /><testcase classname="tests.test_training_catalog_equivalence" name="test_prepared_catalog_is_bit_exact_to_legacy_epoch_semantics[2-19-uniform_legal-False]" time="0.022" /><testcase classname="tests.test_training_catalog_equivalence" name="test_prepared_catalog_is_bit_exact_to_legacy_epoch_semantics[2-19-uniform_legal-True]" time="0.022" /><testcase classname="tests.test_training_catalog_equivalence" name="test_prepared_catalog_is_bit_exact_to_legacy_epoch_semantics[2-2147483647-factual_only-False]" time="0.016" /><testcase classname="tests.test_training_catalog_equivalence" name="test_prepared_catalog_is_bit_exact_to_legacy_epoch_semantics[2-2147483647-factual_only-True]" time="0.015" /><testcase classname="tests.test_training_catalog_equivalence" name="test_prepared_catalog_is_bit_exact_to_legacy_epoch_semantics[2-2147483647-factual_exposure_matched-False]" time="0.015" /><testcase classname="tests.test_training_catalog_equivalence" name="test_prepared_catalog_is_bit_exact_to_legacy_epoch_semantics[2-2147483647-factual_exposure_matched-True]" time="0.015" /><testcase classname="tests.test_training_catalog_equivalence" name="test_prepared_catalog_is_bit_exact_to_legacy_epoch_semantics[2-2147483647-uniform_legal-False]" time="0.022" /><testcase classname="tests.test_training_catalog_equivalence" name="test_prepared_catalog_is_bit_exact_to_legacy_epoch_semantics[2-2147483647-uniform_legal-True]" time="0.022" /><testcase classname="tests.test_training_catalog_equivalence" name="test_prepared_catalog_is_bit_exact_to_legacy_epoch_semantics[19-0-factual_only-False]" time="0.015" /><testcase classname="tests.test_training_catalog_equivalence" name="test_prepared_catalog_is_bit_exact_to_legacy_epoch_semantics[19-0-factual_only-True]" time="0.015" /><testcase classname="tests.test_training_catalog_equivalence" name="test_prepared_catalog_is_bit_exact_to_legacy_epoch_semantics[19-0-factual_exposure_matched-False]" time="0.016" /><testcase classname="tests.test_training_catalog_equivalence" name="test_prepared_catalog_is_bit_exact_to_legacy_epoch_semantics[19-0-factual_exposure_matched-True]" time="0.015" /><testcase classname="tests.test_training_catalog_equivalence" name="test_prepared_catalog_is_bit_exact_to_legacy_epoch_semantics[19-0-uniform_legal-False]" time="0.022" /><testcase classname="tests.test_training_catalog_equivalence" name="test_prepared_catalog_is_bit_exact_to_legacy_epoch_semantics[19-0-uniform_legal-True]" time="0.022" /><testcase classname="tests.test_training_catalog_equivalence" name="test_prepared_catalog_is_bit_exact_to_legacy_epoch_semantics[19-19-factual_only-False]" time="0.015" /><testcase classname="tests.test_training_catalog_equivalence" name="test_prepared_catalog_is_bit_exact_to_legacy_epoch_semantics[19-19-factual_only-True]" time="0.015" /><testcase classname="tests.test_training_catalog_equivalence" name="test_prepared_catalog_is_bit_exact_to_legacy_epoch_semantics[19-19-factual_exposure_matched-False]" time="0.015" /><testcase classname="tests.test_training_catalog_equivalence" name="test_prepared_catalog_is_bit_exact_to_legacy_epoch_semantics[19-19-factual_exposure_matched-True]" time="0.015" /><testcase classname="tests.test_training_catalog_equivalence" name="test_prepared_catalog_is_bit_exact_to_legacy_epoch_semantics[19-19-uniform_legal-False]" time="0.023" /><testcase classname="tests.test_training_catalog_equivalence" name="test_prepared_catalog_is_bit_exact_to_legacy_epoch_semantics[19-19-uniform_legal-True]" time="0.022" /><testcase classname="tests.test_training_catalog_equivalence" name="test_prepared_catalog_is_bit_exact_to_legacy_epoch_semantics[19-2147483647-factual_only-False]" time="0.016" /><testcase classname="tests.test_training_catalog_equivalence" name="test_prepared_catalog_is_bit_exact_to_legacy_epoch_semantics[19-2147483647-factual_only-True]" time="0.016" /><testcase classname="tests.test_training_catalog_equivalence" name="test_prepared_catalog_is_bit_exact_to_legacy_epoch_semantics[19-2147483647-factual_exposure_matched-False]" time="0.015" /><testcase classname="tests.test_training_catalog_equivalence" name="test_prepared_catalog_is_bit_exact_to_legacy_epoch_semantics[19-2147483647-factual_exposure_matched-True]" time="0.015" /><testcase classname="tests.test_training_catalog_equivalence" name="test_prepared_catalog_is_bit_exact_to_legacy_epoch_semantics[19-2147483647-uniform_legal-False]" time="0.022" /><testcase classname="tests.test_training_catalog_equivalence" name="test_prepared_catalog_is_bit_exact_to_legacy_epoch_semantics[19-2147483647-uniform_legal-True]" time="0.022" /><testcase classname="tests.test_training_catalog_equivalence" name="test_prepared_catalog_is_bit_exact_to_legacy_epoch_semantics[799-0-factual_only-False]" time="0.015" /><testcase classname="tests.test_training_catalog_equivalence" name="test_prepared_catalog_is_bit_exact_to_legacy_epoch_semantics[799-0-factual_only-True]" time="0.015" /><testcase classname="tests.test_training_catalog_equivalence" name="test_prepared_catalog_is_bit_exact_to_legacy_epoch_semantics[799-0-factual_exposure_matched-False]" time="0.016" /><testcase classname="tests.test_training_catalog_equivalence" name="test_prepared_catalog_is_bit_exact_to_legacy_epoch_semantics[799-0-factual_exposure_matched-True]" time="0.016" /><testcase classname="tests.test_training_catalog_equivalence" name="test_prepared_catalog_is_bit_exact_to_legacy_epoch_semantics[799-0-uniform_legal-False]" time="0.022" /><testcase classname="tests.test_training_catalog_equivalence" name="test_prepared_catalog_is_bit_exact_to_legacy_epoch_semantics[799-0-uniform_legal-True]" time="0.022" /><testcase classname="tests.test_training_catalog_equivalence" name="test_prepared_catalog_is_bit_exact_to_legacy_epoch_semantics[799-19-factual_only-False]" time="0.015" /><testcase classname="tests.test_training_catalog_equivalence" name="test_prepared_catalog_is_bit_exact_to_legacy_epoch_semantics[799-19-factual_only-True]" time="0.015" /><testcase classname="tests.test_training_catalog_equivalence" name="test_prepared_catalog_is_bit_exact_to_legacy_epoch_semantics[799-19-factual_exposure_matched-False]" time="0.015" /><testcase classname="tests.test_training_catalog_equivalence" name="test_prepared_catalog_is_bit_exact_to_legacy_epoch_semantics[799-19-factual_exposure_matched-True]" time="0.015" /><testcase classname="tests.test_training_catalog_equivalence" name="test_prepared_catalog_is_bit_exact_to_legacy_epoch_semantics[799-19-uniform_legal-False]" time="0.022" /><testcase classname="tests.test_training_catalog_equivalence" name="test_prepared_catalog_is_bit_exact_to_legacy_epoch_semantics[799-19-uniform_legal-True]" time="0.022" /><testcase classname="tests.test_training_catalog_equivalence" name="test_prepared_catalog_is_bit_exact_to_legacy_epoch_semantics[799-2147483647-factual_only-False]" time="0.015" /><testcase classname="tests.test_training_catalog_equivalence" name="test_prepared_catalog_is_bit_exact_to_legacy_epoch_semantics[799-2147483647-factual_only-True]" time="0.015" /><testcase classname="tests.test_training_catalog_equivalence" name="test_prepared_catalog_is_bit_exact_to_legacy_epoch_semantics[799-2147483647-factual_exposure_matched-False]" time="0.015" /><testcase classname="tests.test_training_catalog_equivalence" name="test_prepared_catalog_is_bit_exact_to_legacy_epoch_semantics[799-2147483647-factual_exposure_matched-True]" time="0.015" /><testcase classname="tests.test_training_catalog_equivalence" name="test_prepared_catalog_is_bit_exact_to_legacy_epoch_semantics[799-2147483647-uniform_legal-False]" time="0.022" /><testcase classname="tests.test_training_catalog_equivalence" name="test_prepared_catalog_is_bit_exact_to_legacy_epoch_semantics[799-2147483647-uniform_legal-True]" time="0.022" /><testcase classname="tests.test_training_catalog_equivalence" name="test_eight_hundred_epochs_and_all_variants_reuse_prepared_semantics" time="0.106" /><testcase classname="tests.test_training_catalog_equivalence" name="test_alignment_descriptors_are_built_once_per_supported_source" time="0.020" /><testcase classname="tests.test_training_catalog_equivalence" name="test_epoch_pools_reuse_only_prevalidated_state_templates" time="0.090" /><testcase classname="tests.test_training_catalog_equivalence" name="test_prepared_catalog_preserves_training_log_and_final_decoder_bytes[factual_only]" time="0.162" /><testcase classname="tests.test_training_catalog_equivalence" name="test_prepared_catalog_preserves_training_log_and_final_decoder_bytes[factual_exposure_matched]" time="0.203" /><testcase classname="tests.test_training_catalog_equivalence" name="test_prepared_catalog_preserves_training_log_and_final_decoder_bytes[uniform_legal]" time="0.217" /><testcase classname="tests.test_training_catalog_equivalence" name="test_prepared_catalog_preserves_training_log_and_final_decoder_bytes[miss_aligned_legal]" time="0.213" /></testsuite></testsuites>