<?xml version="1.0" encoding="utf-8"?><testsuites name="pytest tests"><testsuite name="pytest" errors="0" failures="0" skipped="0" tests="327" time="296.285" timestamp="2026-07-26T18:31:12.350195+08:00" hostname="ubuntu1-Super-Server"><testcase classname="tests_v8.test_conservative_factorized_bounded_implementation_closure" name="test_signed_v8_bounded_implementation_closure" time="2.454" /><testcase classname="tests_v8.test_conservative_factorized_bounded_protocol" name="test_v8_bounded_protocol_is_canonical_and_metadata_only" time="0.003" /><testcase classname="tests_v8.test_conservative_factorized_bounded_protocol" name="test_v8_changes_only_the_operator_under_the_v7_bounded_contract" time="0.001" /><testcase classname="tests_v8.test_conservative_factorized_bounded_protocol" name="test_v8_real_execution_remains_separately_blocked" time="0.003" /><testcase classname="tests_v8.test_conservative_factorized_config" name="test_config_has_no_search_surface_and_keeps_v4_topology" time="0.001" /><testcase classname="tests_v8.test_conservative_factorized_config" name="test_config_rejects_method_changes[phase_aggregation_policy-phase_logmeanexp_v0]" time="0.001" /><testcase classname="tests_v8.test_conservative_factorized_config" name="test_config_rejects_method_changes[allocation_policy-phase_sigmoid_v0]" time="0.001" /><testcase classname="tests_v8.test_conservative_factorized_config" name="test_config_rejects_method_changes[mass_policy-unconstrained_v0]" time="0.001" /><testcase classname="tests_v8.test_conservative_factorized_config" name="test_config_rejects_method_changes[resize_policy-allocate_after_resize_v0]" time="0.001" /><testcase classname="tests_v8.test_conservative_factorized_decoder" name="test_operator_conserves_one_budget_and_competes_over_phases" time="0.969" /><testcase classname="tests_v8.test_conservative_factorized_decoder" name="test_uniform_raw_evidence_has_uniform_allocation_and_zero_anchor" time="0.004" /><testcase classname="tests_v8.test_conservative_factorized_decoder" name="test_common_mode_and_phase_contrast_are_orthogonal" time="0.002" /><testcase classname="tests_v8.test_conservative_factorized_decoder" name="test_occupancy_release_changes_budget_not_allocation" time="0.002" /><testcase classname="tests_v8.test_conservative_factorized_decoder" name="test_decoder_keeps_exact_topology_state_and_parameter_budget" time="0.007" /><testcase classname="tests_v8.test_conservative_factorized_decoder" name="test_decoder_fields_conserve_budget_before_pixel_shuffle" time="0.011" /><testcase classname="tests_v8.test_conservative_factorized_decoder" name="test_identity_and_count_support_locality_are_exact" time="0.010" /><testcase classname="tests_v8.test_conservative_factorized_decoder" name="test_zero_feature_has_no_occupancy_response" time="0.008" /><testcase classname="tests_v8.test_conservative_factorized_decoder" name="test_all_six_parameter_tensors_receive_finite_gradients" time="0.027" /><testcase classname="tests_v8.test_conservative_factorized_decoder" name="test_operator_rejects_invalid_raw_fields[invalid0]" time="0.001" /><testcase classname="tests_v8.test_conservative_factorized_decoder" name="test_operator_rejects_invalid_raw_fields[invalid1]" time="0.001" /><testcase classname="tests_v8.test_conservative_factorized_decoder" name="test_operator_rejects_invalid_raw_fields[invalid2]" time="0.001" /><testcase classname="tests_v8.test_conservative_factorized_dry_run_closure" name="test_v8_bounded_dry_run_closure_is_exact_and_narrow" time="0.015" /><testcase classname="tests_v8.test_conservative_factorized_dry_run_closure" name="test_v8_bounded_dry_run_replay_and_isolation_are_closed" time="0.016" /><testcase classname="tests_v8.test_conservative_factorized_dry_run_closure" name="test_v8_bounded_dry_run_closure_authorizes_only_code_creation" time="0.001" /><testcase classname="tests_v8.test_conservative_factorized_model" name="test_existing_detector_independent_model_accepts_v8_directly" time="0.009" /><testcase classname="tests_v8.test_conservative_factorized_model" name="test_stride_one_is_the_exact_single_phase_degeneracy" time="0.007" /><testcase classname="tests_v8.test_conservative_factorized_outcome_bounded" name="test_conservative_state_fingerprint_binds_v8_class_and_tensor_state" time="0.006" /><testcase classname="tests_v8.test_conservative_factorized_outcome_bounded" name="test_conservative_bounded_executes_frozen_synthetic_contract" time="19.936" /><testcase classname="tests_v8.test_conservative_factorized_outcome_bounded" name="test_conservative_bounded_rejects_non_v8_config_types[config0]" time="1.860" /><testcase classname="tests_v8.test_conservative_factorized_outcome_bounded" name="test_conservative_bounded_rejects_non_v8_config_types[config1]" time="1.816" /><testcase classname="tests_v8.test_conservative_factorized_outcome_bounded" name="test_conservative_bounded_rejects_any_frozen_budget_drift[seed-43-seed]" time="1.823" /><testcase classname="tests_v8.test_conservative_factorized_outcome_bounded" name="test_conservative_bounded_rejects_any_frozen_budget_drift[learning_rate-0.002-learning_rate]" time="1.823" /><testcase classname="tests_v8.test_conservative_factorized_outcome_bounded" name="test_conservative_bounded_rejects_any_frozen_budget_drift[weight_decay-0.0001-weight_decay]" time="1.816" /><testcase classname="tests_v8.test_conservative_factorized_outcome_bounded" name="test_conservative_bounded_rejects_any_frozen_budget_drift[optimizer_updates-399-400 optimizer updates]" time="1.829" /><testcase classname="tests_v8.test_conservative_factorized_outcome_bounded" name="test_conservative_bounded_rejects_any_frozen_budget_drift[steps_per_epoch-20-40 steps per epoch]" time="1.813" /><testcase classname="tests_v8.test_conservative_factorized_outcome_bounded" name="test_conservative_bounded_rejects_any_frozen_budget_drift[factual_miss_states_per_update-3-four factual-miss]" time="1.814" /><testcase classname="tests_v8.test_conservative_factorized_outcome_bounded" name="test_conservative_bounded_rejects_any_frozen_budget_drift[factual_no_miss_states_per_update-3-four factual-no-miss]" time="1.812" /><testcase classname="tests_v8.test_conservative_factorized_outcome_bounded" name="test_conservative_bounded_rejects_any_frozen_budget_drift[outcome_pairs_per_update-1-two outcome pairs]" time="1.967" /><testcase classname="tests_v8.test_conservative_factorized_outcome_bounded" name="test_conservative_bounded_rejects_loss_chunk_and_stride_drift" time="2.632" /><testcase classname="tests_v8.test_conservative_factorized_outcome_bounded" name="test_conservative_population_structural_failure_is_zero_update_stop" time="3.351" /><testcase classname="tests_v8.test_conservative_factorized_outcome_bounded" name="test_conservative_operator_structural_failure_is_zero_update_stop" time="3.345" /><testcase classname="tests_v8.test_conservative_factorized_result_verifier" name="test_actual_core_result_flows_into_actual_corrected_verifier" time="20.223" /><testcase classname="tests_v8.test_conservative_factorized_result_verifier" name="test_corrected_verifier_accepts_consistent_pass_and_nonpass[True]" time="0.137" /><testcase classname="tests_v8.test_conservative_factorized_result_verifier" name="test_corrected_verifier_accepts_consistent_pass_and_nonpass[False]" time="0.135" /><testcase classname="tests_v8.test_conservative_factorized_result_verifier" name="test_model_pass_is_structural_and_computational" time="0.202" /><testcase classname="tests_v8.test_conservative_factorized_result_verifier" name="test_malformed_gate_record_is_rejected" time="0.187" /><testcase classname="tests_v8.test_conservative_factorized_result_verifier" name="test_gate_record_aggregator_rejects_old_boolean_assumption" time="0.001" /><testcase classname="tests_v8.test_conservative_factorized_support_toy" name="test_cc_sea_recovers_response_outside_removed_component[one_pixel]" time="6.147" /><testcase classname="tests_v8.test_conservative_factorized_support_toy" name="test_cc_sea_recovers_response_outside_removed_component[two_pixels]" time="6.141" /><testcase classname="tests_v8.test_conservative_factorized_support_toy" name="test_cc_sea_recovers_response_outside_removed_component[three_pixels]" time="6.178" /><testcase classname="tests_v8.test_conservative_factorized_sync" name="test_canonical_gpu0_sync_evidence_is_bound" time="0.002" /><testcase classname="tests_v8.test_conservative_factorized_sync" name="test_sync_audit_is_equivalent_and_synthetic_only" time="0.325" /><testcase classname="tests_v8.test_conservative_factorized_sync" name="test_sync_cli_is_create_only" time="0.626" /><testcase classname="tests_v8.test_conservative_factorized_sync" name="test_sync_benchmark_rejects_nonzero_gpu_index" time="0.001" /><testcase classname="tests_v8.test_conservative_factorized_toy_gate" name="test_protocol_chain_is_frozen_and_exact" time="91.023" /><testcase classname="tests_v8.test_conservative_factorized_toy_gate" name="test_six_cases_pass_individually_without_mean_override" time="0.002" /><testcase classname="tests_v8.test_conservative_factorized_toy_gate" name="test_cc_sea_coordinate_and_numerical_contracts_pass" time="0.002" /><testcase classname="tests_v8.test_conservative_factorized_toy_gate" name="test_result_has_no_real_data_or_performance_authority" time="0.009" /><testcase classname="tests_v8.test_conservative_factorized_toy_gate" name="test_evaluator_is_version_local_and_output_is_create_only" time="0.041" /><testcase classname="tests_v8.test_conservative_factorized_toy_gate_closure" name="test_v8_toy_closure_is_complete_and_authorizes_only_dry_code" time="0.012" /><testcase classname="tests_v8.test_conservative_factorized_toy_overfit" name="test_cc_sea_overfits_subpixel_clean_and_component_null_together[one_pixel]" time="6.287" /><testcase classname="tests_v8.test_conservative_factorized_toy_overfit" name="test_cc_sea_overfits_subpixel_clean_and_component_null_together[two_pixels]" time="6.211" /><testcase classname="tests_v8.test_conservative_factorized_toy_overfit" name="test_cc_sea_overfits_subpixel_clean_and_component_null_together[three_pixels]" time="6.188" /><testcase classname="tests_v8.test_conservative_factorized_verifier_correction_protocol" name="test_prefrozen_proposal_and_config_are_exact" time="0.003" /><testcase classname="tests_v8.test_conservative_factorized_verifier_correction_protocol" name="test_r1_and_frozen_scientific_runtime_remain_unchanged" time="0.144" /><testcase classname="tests_v8.test_conservative_factorized_verifier_correction_protocol" name="test_additive_runtime_inventory_is_complete_and_exact" time="0.052" /><testcase classname="tests_v8.test_conservative_factorized_verifier_correction_protocol" name="test_closure_and_authorization_are_phase_stable" time="0.034" /><testcase classname="tests_v8.test_dry_run_conservative_factorized_outcome_bounded" name="test_two_independent_cli_processes_are_byte_identical" time="8.217" /><testcase classname="tests_v8.test_dry_run_conservative_factorized_outcome_bounded" name="test_protocol_chain_is_exact_and_independently_verifiable" time="0.005" /><testcase classname="tests_v8.test_dry_run_conservative_factorized_outcome_bounded" name="test_exact_24_calls_96_states_and_all_eight_updates" time="0.002" /><testcase classname="tests_v8.test_dry_run_conservative_factorized_outcome_bounded" name="test_each_update_has_six_finite_nonzero_gradients_and_updates" time="0.002" /><testcase classname="tests_v8.test_dry_run_conservative_factorized_outcome_bounded" name="test_training_uses_one_exact_2b_pair_call_per_update" time="0.002" /><testcase classname="tests_v8.test_dry_run_conservative_factorized_outcome_bounded" name="test_all_data_and_stage_boundaries_remain_false" time="0.002" /><testcase classname="tests_v8.test_dry_run_conservative_factorized_outcome_bounded" name="test_cli_is_create_only_and_never_replaces_existing_output" time="4.084" /><testcase classname="tests_v8.test_dry_run_conservative_factorized_outcome_bounded" name="test_runner_ast_has_no_real_data_v7_runner_or_test_import_edges" time="0.037" /><testcase classname="tests_v8.test_dry_run_conservative_factorized_outcome_bounded" name="test_evaluate_has_zero_loader_calls_and_only_frozen_file_reads" time="0.267" /><testcase classname="tests_v8.test_run_conservative_factorized_outcome_bounded" name="test_static_failure_precedes_loader_and_output_claim[closure-exception0-cuda:0]" time="0.073" /><testcase classname="tests_v8.test_run_conservative_factorized_outcome_bounded" name="test_static_failure_precedes_loader_and_output_claim[authorization-exception1-cuda:0]" time="0.111" /><testcase classname="tests_v8.test_run_conservative_factorized_outcome_bounded" name="test_static_failure_precedes_loader_and_output_claim[hash-exception2-cuda:0]" time="0.004" /><testcase classname="tests_v8.test_run_conservative_factorized_outcome_bounded" name="test_static_failure_precedes_loader_and_output_claim[runtime-exception3-cuda:0]" time="0.048" /><testcase classname="tests_v8.test_run_conservative_factorized_outcome_bounded" name="test_static_failure_precedes_loader_and_output_claim[device-exception4-cuda:1]" time="0.003" /><testcase classname="tests_v8.test_run_conservative_factorized_outcome_bounded" name="test_static_failure_precedes_loader_and_output_claim[output-exception5-cuda:0]" time="0.003" /><testcase classname="tests_v8.test_run_conservative_factorized_outcome_bounded" name="test_complete_pass_and_nonpass_publish_reload_and_consume_run[True-CC_SEA_V8_BOUNDED_MODEL_CODE_GATE_PASS]" time="0.275" /><testcase classname="tests_v8.test_run_conservative_factorized_outcome_bounded" name="test_complete_pass_and_nonpass_publish_reload_and_consume_run[False-CC_SEA_V8_BOUNDED_MODEL_CODE_GATE_FAIL]" time="0.274" /><testcase classname="tests_v8.test_run_conservative_factorized_outcome_bounded" name="test_execution_error_is_create_only_reloadable_and_consumes_run" time="0.276" /><testcase classname="tests_v8.test_run_conservative_factorized_outcome_bounded" name="test_reconstruction_error_is_create_only_reloadable_and_consumes_run" time="0.272" /><testcase classname="tests_v8.test_run_conservative_factorized_outcome_bounded_r2" name="test_missing_closure_precedes_output_claim_and_real_loader" time="0.193" /><testcase classname="tests_v8.test_run_conservative_factorized_outcome_bounded_r2" name="test_versioned_result_publication_is_create_only_and_reloadable[True-CC_SEA_V8_R2_BOUNDED_MODEL_CODE_GATE_PASS]" time="2.879" /><testcase classname="tests_v8.test_run_conservative_factorized_outcome_bounded_r2" name="test_versioned_result_publication_is_create_only_and_reloadable[False-CC_SEA_V8_R2_BOUNDED_MODEL_CODE_GATE_FAIL]" time="2.921" /><testcase classname="tests_v8.test_run_conservative_factorized_outcome_bounded_r2" name="test_execution_error_is_frozen_not_retried" time="2.705" /><testcase classname="tests_v9.test_phase_balanced_null_surplus_config" name="test_config_freezes_the_method_and_v4_topology" time="0.001" /><testcase classname="tests_v9.test_phase_balanced_null_surplus_config" name="test_config_rejects_every_method_mutation[method_id-pb_naes_v10]" time="0.001" /><testcase classname="tests_v9.test_phase_balanced_null_surplus_config" name="test_config_rejects_every_method_mutation[phase_intensity_policy-learned_intensity]" time="0.001" /><testcase classname="tests_v9.test_phase_balanced_null_surplus_config" name="test_config_rejects_every_method_mutation[null_mass_policy-one_global_null]" time="0.001" /><testcase classname="tests_v9.test_phase_balanced_null_surplus_config" name="test_config_rejects_every_method_mutation[balance_policy-learned_balance]" time="0.001" /><testcase classname="tests_v9.test_phase_balanced_null_surplus_config" name="test_config_rejects_every_method_mutation[occupancy_policy-learned_occupancy]" time="0.001" /><testcase classname="tests_v9.test_phase_balanced_null_surplus_config" name="test_config_rejects_every_method_mutation[forward_policy-soft_selection]" time="0.001" /><testcase classname="tests_v9.test_phase_balanced_null_surplus_config" name="test_config_rejects_every_method_mutation[backward_policy-positive_only]" time="0.001" /><testcase classname="tests_v9.test_phase_balanced_null_surplus_config" name="test_config_rejects_every_method_mutation[logit_composition_policy-extra_head]" time="0.001" /><testcase classname="tests_v9.test_phase_balanced_null_surplus_config" name="test_config_rejects_every_method_mutation[resize_policy-resize_before_surplus]" time="0.001" /><testcase classname="tests_v9.test_phase_balanced_null_surplus_decoder" name="test_decoder_keeps_exact_v4_topology_state_and_parameter_budget" time="0.004" /><testcase classname="tests_v9.test_phase_balanced_null_surplus_decoder" name="test_native_phase_surplus_is_pixel_shuffled_before_composition" time="0.008" /><testcase classname="tests_v9.test_phase_balanced_null_surplus_decoder" name="test_resize_occurs_only_after_native_pixel_shuffle" time="0.005" /><testcase classname="tests_v9.test_phase_balanced_null_surplus_decoder" name="test_endpoint_selection_is_invariant_and_count_effect_is_local" time="0.007" /><testcase classname="tests_v9.test_phase_balanced_null_surplus_decoder" name="test_identical_endpoints_are_bitwise_identical" time="0.010" /><testcase classname="tests_v9.test_phase_balanced_null_surplus_decoder" name="test_zero_feature_is_exactly_null_for_every_occupancy" time="0.006" /><testcase classname="tests_v9.test_phase_balanced_null_surplus_decoder" name="test_paired_endpoints_reach_all_six_parameter_tensors" time="0.017" /><testcase classname="tests_v9.test_phase_balanced_null_surplus_decoder" name="test_stride_one_decoder_retains_a_live_single_phase_operator" time="0.006" /><testcase classname="tests_v9.test_phase_balanced_null_surplus_model" name="test_existing_detector_independent_model_accepts_v9_directly" time="0.007" /><testcase classname="tests_v9.test_phase_balanced_null_surplus_operator" name="test_operator_matches_the_frozen_equation_exactly" time="0.002" /><testcase classname="tests_v9.test_phase_balanced_null_surplus_operator" name="test_uniform_zero_is_the_exact_phase_balanced_null_anchor" time="0.002" /><testcase classname="tests_v9.test_phase_balanced_null_surplus_operator" name="test_uniform_positive_can_activate_every_phase" time="0.002" /><testcase classname="tests_v9.test_phase_balanced_null_surplus_operator" name="test_uniform_negative_selects_null_for_every_phase" time="0.001" /><testcase classname="tests_v9.test_phase_balanced_null_surplus_operator" name="test_stride_one_case_is_nondegenerate" time="0.002" /><testcase classname="tests_v9.test_phase_balanced_null_surplus_operator" name="test_inactive_phases_keep_a_finite_recovery_gradient" time="0.002" /><testcase classname="tests_v9.test_phase_balanced_null_surplus_operator" name="test_wrong_winner_objective_has_the_required_direction" time="0.002" /><testcase classname="tests_v9.test_phase_balanced_null_surplus_operator" name="test_common_direction_has_half_strength_at_the_null_anchor" time="0.002" /><testcase classname="tests_v9.test_phase_balanced_null_surplus_operator" name="test_occupancy_deletion_is_monotone_and_selection_invariant" time="0.001" /><testcase classname="tests_v9.test_phase_balanced_null_surplus_operator" name="test_positive_surplus_obeys_the_frozen_capacity_bound" time="0.003" /><testcase classname="tests_v9.test_phase_balanced_null_surplus_operator" name="test_operator_rejects_invalid_fields[raw0-count0-TypeError]" time="0.001" /><testcase classname="tests_v9.test_phase_balanced_null_surplus_operator" name="test_operator_rejects_invalid_fields[raw1-count1-ValueError]" time="0.001" /><testcase classname="tests_v9.test_phase_balanced_null_surplus_operator" name="test_operator_rejects_invalid_fields[raw2-count2-ValueError]" time="0.001" /><testcase classname="tests_v9.test_phase_balanced_null_surplus_operator" name="test_operator_rejects_invalid_fields[raw3-count3-ValueError]" time="0.001" /><testcase classname="tests_v9.test_phase_balanced_null_surplus_protocol" name="test_v9_design_proposal_and_v8_negative_closure_are_exactly_bound" time="0.002" /><testcase classname="tests_v9.test_phase_balanced_null_surplus_protocol" name="test_v9_toy_config_is_canonical_and_bound_to_the_proposal" time="0.001" /><testcase classname="tests_v9.test_phase_balanced_null_surplus_protocol" name="test_v9_toy_catalog_contains_the_six_frozen_cases" time="0.001" /><testcase classname="tests_v9.test_phase_balanced_null_surplus_protocol" name="test_v9_preserves_optimization_thresholds_and_closed_execution_boundary" time="0.001" /><testcase classname="tests_v9.test_phase_balanced_null_surplus_toy_gate" name="test_protocol_chain_is_frozen_and_exact" time="39.206" /><testcase classname="tests_v9.test_phase_balanced_null_surplus_toy_gate" name="test_frozen_six_case_gate_is_reported_without_mean_override" time="0.001" /><testcase classname="tests_v9.test_phase_balanced_null_surplus_toy_gate" name="test_operator_counterexamples_and_numerics_pass" time="0.001" /><testcase classname="tests_v9.test_phase_balanced_null_surplus_toy_gate" name="test_every_case_keeps_the_frozen_training_contract" time="0.001" /><testcase classname="tests_v9.test_phase_balanced_null_surplus_toy_gate" name="test_result_has_no_real_data_or_performance_authority" time="0.003" /><testcase classname="tests_v9.test_phase_balanced_null_surplus_toy_gate" name="test_evaluator_is_version_local_and_output_is_create_only" time="0.018" /><testcase classname="tests_v10.test_paired_endpoint_crossing_development_regression" name="test_development_config_is_frozen_and_strictly_source_bound" time="0.004" /><testcase classname="tests_v10.test_paired_endpoint_crossing_development_regression" name="test_config_reuses_exact_six_cases_and_labels_evidence_scope" time="0.001" /><testcase classname="tests_v10.test_paired_endpoint_crossing_development_regression" name="test_objective_contract_audit_covers_formula_and_saturations" time="0.002" /><testcase classname="tests_v10.test_paired_endpoint_crossing_development_regression" name="test_mass_conservation_uses_frozen_v8_scale_aware_roundoff_rule" time="0.001" /><testcase classname="tests_v10.test_paired_endpoint_crossing_development_regression" name="test_evaluator_is_local_additive_and_defaults_to_frozen_320_steps" time="0.015" /><testcase classname="tests_v10.test_paired_endpoint_crossing_development_regression" name="test_one_update_smoke_preserves_2b_gradients_detach_and_operator" time="0.085" /><testcase classname="tests_v10.test_paired_endpoint_crossing_development_regression" name="test_decision_aggregation_never_claims_independent_confirmation" time="0.008" /><testcase classname="tests_v10.test_paired_endpoint_crossing_development_regression" name="test_result_writer_is_create_only" time="0.002" /><testcase classname="tests_v10.test_paired_endpoint_crossing_development_regression" name="test_signed_implementation_closure_binds_evaluator_and_transitive_sources" time="0.007" /><testcase classname="tests_v10.test_paired_endpoint_crossing_development_regression" name="test_implementation_closure_rejects_any_bound_source_drift" time="0.004" /><testcase classname="tests_v10.test_paired_endpoint_crossing_development_regression" name="test_main_fails_before_evaluation_when_output_exists" time="0.002" /><testcase classname="tests_v10.test_paired_endpoint_crossing_losses" name="test_peco_response_formula_and_frozen_hierarchy_are_exact" time="0.006" /><testcase classname="tests_v10.test_paired_endpoint_crossing_losses" name="test_response_gradient_moves_both_endpoints_across_zero" time="0.004" /><testcase classname="tests_v10.test_paired_endpoint_crossing_losses" name="test_both_high_both_low_and_wrong_endpoint_counterexamples" time="0.010" /><testcase classname="tests_v10.test_paired_endpoint_crossing_losses" name="test_empty_d_is_safe_and_pointwise_identical_to_parent" time="0.005" /><testcase classname="tests_v10.test_paired_endpoint_crossing_losses" name="test_every_nonresponse_quantity_is_identical_to_parent" time="0.006" /><testcase classname="tests_v10.test_paired_endpoint_crossing_losses" name="test_loss_has_no_pair_kind_input_and_is_step_compatible_subclass" time="0.001" /><testcase classname="tests_v10.test_paired_endpoint_crossing_losses" name="test_original_step_uses_one_2b_forward_and_preserves_gradients" time="0.041" /><testcase classname="tests_v10.test_paired_endpoint_crossing_protocol" name="test_v10_design_proposal_and_v9_negative_closure_are_exactly_bound" time="0.002" /><testcase classname="tests_v10.test_paired_endpoint_crossing_protocol" name="test_v10_binds_the_frozen_decoder_loss_and_train_step_sources" time="0.001" /><testcase classname="tests_v10.test_paired_endpoint_crossing_protocol" name="test_v10_single_mechanism_is_the_exact_paired_endpoint_crossing_formula" time="0.001" /><testcase classname="tests_v10.test_paired_endpoint_crossing_protocol" name="test_v10_discloses_candidate_selection_and_keeps_execution_closed" time="0.001" /><testcase classname="tests_v10.test_peco_exposure_confirmation" name="test_population_is_exact_deterministic_and_exposure_balanced_by_group" time="0.008" /><testcase classname="tests_v10.test_peco_exposure_confirmation" name="test_schedule_exactly_replays_the_800_slot_exposure_contract" time="0.026" /><testcase classname="tests_v10.test_peco_exposure_confirmation" name="test_factual_schedule_replays_16_plus_16_states_exactly_100_times" time="0.009" /><testcase classname="tests_v10.test_peco_exposure_confirmation" name="test_all_geometry_groups_materialize_valid_D_H_G_states" time="0.461" /><testcase classname="tests_v10.test_peco_exposure_confirmation" name="test_identical_input_conflict_is_structural_and_has_no_role_channel" time="0.011" /><testcase classname="tests_v10.test_peco_exposure_confirmation" name="test_one_update_uses_2B_endpoint_forward_and_detached_features" time="0.040" /><testcase classname="tests_v10.test_peco_exposure_confirmation" name="test_confirmation_adam_is_explicit_and_checked_before_training" time="0.003" /><testcase classname="tests_v10.test_peco_exposure_confirmation" name="test_group_gate_uses_worst_pair_not_a_population_mean" time="0.001" /><testcase classname="tests_v10.test_peco_exposure_confirmation" name="test_exact_group_gate_rejects_a_missing_group" time="0.001" /><testcase classname="tests_v10.test_peco_exposure_confirmation" name="test_protocol_binds_sources_counts_optimizer_and_closed_boundaries" time="0.046" /><testcase classname="tests_v10.test_peco_exposure_confirmation" name="test_seed42_initialization_and_bound_source_hashes_are_exact" time="0.003" /><testcase classname="tests_v10.test_peco_exposure_confirmation" name="test_r3_closure_and_pre_run_receipt_bind_the_bounded_correction" time="2.345" /><testcase classname="tests_v10.test_peco_exposure_confirmation" name="test_authority_writer_is_exclusive_and_tests_do_not_run_confirmation" time="0.002" /><testcase classname="tests_v10.test_peco_exposure_confirmation" name="test_authority_entry_rejects_noncanonical_absent_output" time="0.002" /><testcase classname="tests_v11.test_ccfr_development_regression" name="test_config_is_frozen_before_learning_regression" time="0.012" /><testcase classname="tests_v11.test_ccfr_development_regression" name="test_evaluator_is_dataset_free_and_defaults_to_frozen_320_updates" time="2.048" /><testcase classname="tests_v11.test_ccfr_development_regression" name="test_one_update_smoke_has_joint_state_2b_detach_and_six_gradients" time="0.103" /><testcase classname="tests_v11.test_ccfr_development_regression" name="test_objective_audit_calls_actual_criterion_and_checks_directions" time="0.009" /><testcase classname="tests_v11.test_ccfr_development_regression" name="test_decision_requires_every_case_and_never_claims_confirmation" time="0.009" /><testcase classname="tests_v11.test_ccfr_development_regression" name="test_one_failed_case_cannot_be_hidden_by_family_means" time="0.009" /><testcase classname="tests_v11.test_ccfr_development_regression" name="test_result_writer_is_create_only" time="0.002" /><testcase classname="tests_v11.test_ccfr_development_regression" name="test_attempt_receipt_and_complete_writer_are_create_only" time="0.002" /><testcase classname="tests_v11.test_ccfr_development_regression" name="test_canonical_attempt_is_loaded_and_bound_to_its_file" time="0.003" /><testcase classname="tests_v11.test_ccfr_development_regression" name="test_cli_rejects_noncanonical_output_before_execution" time="0.002" /><testcase classname="tests_v11.test_ccfr_development_regression" name="test_exact_required_source_binding_set_is_frozen" time="0.002" /><testcase classname="tests_v11.test_ccfr_development_regression" name="test_bound_source_drift_is_rejected" time="0.005" /><testcase classname="tests_v11.test_ccfr_exposure_holdout" name="test_evaluator_uses_only_new_holdout_inputs_and_is_dataset_free" time="2.162" /><testcase classname="tests_v11.test_ccfr_exposure_holdout" name="test_design_contract_is_exact_before_fingerprint_freeze" time="0.002" /><testcase classname="tests_v11.test_ccfr_exposure_holdout" name="test_receipt_owns_the_exact_pre_frozen_source_closure" time="0.012" /><testcase classname="tests_v11.test_ccfr_exposure_holdout" name="test_new_holdout_contract_rebuilds_all_eight_groups_and_schedules" time="1.044" /><testcase classname="tests_v11.test_ccfr_exposure_holdout" name="test_one_update_smoke_checks_six_gradients_and_exact_4_4_2" time="0.056" /><testcase classname="tests_v11.test_ccfr_exposure_holdout" name="test_ccfr_and_report_only_v8_start_from_identical_parameters" time="0.004" /><testcase classname="tests_v11.test_ccfr_exposure_holdout" name="test_formal_train_path_has_no_update_override" time="0.002" /><testcase classname="tests_v11.test_ccfr_exposure_holdout" name="test_group_gates_connect_clean_D_component_null_and_all_zero_strata" time="0.044" /><testcase classname="tests_v11.test_ccfr_exposure_holdout" name="test_final_gate_is_strict_population_factual_and_eight_group_conjunction" time="0.001" /><testcase classname="tests_v11.test_ccfr_exposure_holdout" name="test_v8_comparator_cannot_change_ccfr_decision" time="0.002" /><testcase classname="tests_v11.test_ccfr_exposure_holdout" name="test_attempt_and_result_writers_are_create_only" time="0.002" /><testcase classname="tests_v11.test_ccfr_exposure_holdout" name="test_attempt_payload_consumes_one_dataset_free_canonical_run" time="0.002" /><testcase classname="tests_v11.test_ccfr_exposure_holdout" name="test_development_chain_must_bind_the_same_frozen_receipt" time="0.001" /><testcase classname="tests_v11.test_ccfr_exposure_holdout" name="test_noncanonical_output_is_rejected_without_writing" time="0.002" /><testcase classname="tests_v11.test_ccfr_exposure_holdout_r2" name="test_r1_failure_is_sealed_before_attempt_and_training" time="0.001" /><testcase classname="tests_v11.test_ccfr_exposure_holdout_r2" name="test_r1_real_contract_fails_fingerprint_before_attempt_write" time="1.038" /><testcase classname="tests_v11.test_ccfr_exposure_holdout_r2" name="test_targeted_canonicalization_changes_only_key_representation" time="1.205" /><testcase classname="tests_v11.test_ccfr_exposure_holdout_r2" name="test_targeted_canonicalization_rejects_every_other_shape[&lt;lambda&gt;0]" time="1.035" /><testcase classname="tests_v11.test_ccfr_exposure_holdout_r2" name="test_targeted_canonicalization_rejects_every_other_shape[&lt;lambda&gt;1]" time="1.032" /><testcase classname="tests_v11.test_ccfr_exposure_holdout_r2" name="test_targeted_canonicalization_rejects_every_other_shape[&lt;lambda&gt;2]" time="1.036" /><testcase classname="tests_v11.test_ccfr_exposure_holdout_r2" name="test_targeted_canonicalization_rejects_every_other_shape[&lt;lambda&gt;3]" time="1.036" /><testcase classname="tests_v11.test_ccfr_exposure_holdout_r2" name="test_targeted_canonicalization_rejects_every_other_shape[&lt;lambda&gt;4]" time="1.043" /><testcase classname="tests_v11.test_ccfr_exposure_holdout_r2" name="test_r2_delegates_all_scientific_computation_to_frozen_r1" time="0.013" /><testcase classname="tests_v11.test_ccfr_exposure_holdout_r2" name="test_closure_binds_exact_effective_source_set_and_clean_import" time="2.105" /><testcase classname="tests_v11.test_ccfr_exposure_holdout_r2" name="test_real_corrected_prerequisites_and_attempt_are_canonical" time="3.147" /><testcase classname="tests_v11.test_ccfr_exposure_holdout_r2" name="test_pre_run_receipt_authorizes_one_r2_attempt" time="4.447" /><testcase classname="tests_v11.test_ccfr_exposure_holdout_r2" name="test_canonical_artifact_guard_never_writes_r1_paths" time="0.006" /><testcase classname="tests_v11.test_ccfr_exposure_holdout_r2" name="test_r2_decision_is_the_frozen_r1_absolute_decision[True]" time="0.004" /><testcase classname="tests_v11.test_ccfr_exposure_holdout_r2" name="test_r2_decision_is_the_frozen_r1_absolute_decision[False]" time="0.004" /><testcase classname="tests_v11.test_ccfr_exposure_holdout_r2" name="test_attempt_is_written_before_evaluate_and_no_retry_exists" time="0.022" /><testcase classname="tests_v11.test_ccfr_exposure_holdout_r2" name="test_issued_authority_is_consumed_before_prerequisite_or_training" time="0.004" /><testcase classname="tests_v11.test_ccfr_exposure_holdout_r2" name="test_bound_authority_files_remain_byte_exact" time="0.004" /><testcase classname="tests_v11.test_ccfr_exposure_holdout_r2" name="test_complete_directly_binds_the_full_r2_hash_chain" time="0.007" /><testcase classname="tests_v11.test_ccfr_holdout_inputs" name="test_constants_and_population_match_the_frozen_receipt" time="0.010" /><testcase classname="tests_v11.test_ccfr_holdout_inputs" name="test_sha256_integer_lattice_and_signal_channel_contract" time="0.012" /><testcase classname="tests_v11.test_ccfr_holdout_inputs" name="test_all_pair_geometry_and_four_strata_satisfy_the_receipt" time="0.109" /><testcase classname="tests_v11.test_ccfr_holdout_inputs" name="test_new_schedule_has_exact_exposures_and_no_within_update_reuse" time="0.091" /><testcase classname="tests_v11.test_ccfr_holdout_inputs" name="test_factual_population_and_rotation_give_every_state_100_exposures" time="0.027" /><testcase classname="tests_v11.test_ccfr_holdout_inputs" name="test_no_tensor_is_reused_from_old_six_case_or_v10_populations" time="0.815" /><testcase classname="tests_v11.test_ccfr_holdout_inputs" name="test_top_level_fingerprint_is_exact_and_reproducible" time="3.080" /><testcase classname="tests_v11.test_coverage_feature_release_config" name="test_config_has_only_adapter_bound_shape_and_frozen_method_constants" time="0.001" /><testcase classname="tests_v11.test_coverage_feature_release_config" name="test_config_rejects_every_method_change[width-16]" time="0.001" /><testcase classname="tests_v11.test_coverage_feature_release_config" name="test_config_rejects_every_method_change[groups-4]" time="0.001" /><testcase classname="tests_v11.test_coverage_feature_release_config" name="test_config_rejects_every_method_change[trunk_residual_scale-1.0]" time="0.001" /><testcase classname="tests_v11.test_coverage_feature_release_config" name="test_config_rejects_every_method_change[baseline_probability-0.2]" time="0.001" /><testcase classname="tests_v11.test_coverage_feature_release_config" name="test_config_rejects_every_method_change[vacancy_kernel_size-5]" time="0.001" /><testcase classname="tests_v11.test_coverage_feature_release_config" name="test_config_rejects_every_method_change[occupancy_projection_policy-changed]" time="0.001" /><testcase classname="tests_v11.test_coverage_feature_release_config" name="test_config_rejects_every_method_change[feature_release_policy-changed]" time="0.001" /><testcase classname="tests_v11.test_coverage_feature_release_config" name="test_config_rejects_every_method_change[joint_trunk_policy-changed]" time="0.001" /><testcase classname="tests_v11.test_coverage_feature_release_config" name="test_config_rejects_every_method_change[phase_aggregation_policy-changed]" time="0.001" /><testcase classname="tests_v11.test_coverage_feature_release_config" name="test_config_rejects_every_method_change[output_budget_policy-changed]" time="0.001" /><testcase classname="tests_v11.test_coverage_feature_release_config" name="test_config_rejects_every_method_change[allocation_policy-changed]" time="0.001" /><testcase classname="tests_v11.test_coverage_feature_release_config" name="test_config_rejects_every_method_change[mass_policy-changed]" time="0.001" /><testcase classname="tests_v11.test_coverage_feature_release_config" name="test_config_rejects_every_method_change[logit_composition_policy-changed]" time="0.001" /><testcase classname="tests_v11.test_coverage_feature_release_config" name="test_config_rejects_every_method_change[resize_policy-changed]" time="0.001" /><testcase classname="tests_v11.test_coverage_feature_release_config" name="test_topology_conversion_is_exact_and_has_no_extra_parameter_budget" time="0.001" /><testcase classname="tests_v11.test_coverage_feature_release_config" name="test_adapter_shape_validation_is_inherited[True-4-TypeError]" time="0.001" /><testcase classname="tests_v11.test_coverage_feature_release_config" name="test_adapter_shape_validation_is_inherited[0-4-ValueError]" time="0.001" /><testcase classname="tests_v11.test_coverage_feature_release_config" name="test_adapter_shape_validation_is_inherited[8-True-TypeError]" time="0.001" /><testcase classname="tests_v11.test_coverage_feature_release_config" name="test_adapter_shape_validation_is_inherited[8-0-ValueError]" time="0.001" /><testcase classname="tests_v11.test_coverage_feature_release_decoder" name="test_decoder_keeps_exact_topology_state_and_parameter_budget" time="0.005" /><testcase classname="tests_v11.test_coverage_feature_release_decoder" name="test_hot_path_phase_operator_matches_v8_zero_burden_forward_and_gradient" time="0.003" /><testcase classname="tests_v11.test_coverage_feature_release_decoder" name="test_release_field_is_the_frozen_inverse_local_count" time="0.003" /><testcase classname="tests_v11.test_coverage_feature_release_decoder" name="test_forward_fields_apply_release_inside_the_shared_trunk" time="0.009" /><testcase classname="tests_v11.test_coverage_feature_release_decoder" name="test_empty_occupancy_releases_the_complete_stem_feature" time="0.008" /><testcase classname="tests_v11.test_coverage_feature_release_decoder" name="test_zero_feature_cannot_create_an_occupancy_only_response" time="0.006" /><testcase classname="tests_v11.test_coverage_feature_release_decoder" name="test_same_projected_count_gives_exactly_the_same_state" time="0.005" /><testcase classname="tests_v11.test_coverage_feature_release_decoder" name="test_identity_forward_is_exact_and_feature_is_detached" time="0.009" /><testcase classname="tests_v11.test_coverage_feature_release_decoder" name="test_nonempty_intervention_changes_the_joint_latent_state" time="0.005" /><testcase classname="tests_v11.test_coverage_feature_release_decoder" name="test_occupancy_is_absent_from_the_conserved_output_budget" time="0.004" /><testcase classname="tests_v11.test_coverage_feature_release_decoder" name="test_release_field_rejects_invalid_inputs[occupancy0-feature_size0-ValueError]" time="0.003" /><testcase classname="tests_v11.test_coverage_feature_release_decoder" name="test_release_field_rejects_invalid_inputs[occupancy1-feature_size1-TypeError]" time="0.003" /><testcase classname="tests_v11.test_coverage_feature_release_decoder" name="test_release_field_rejects_invalid_inputs[occupancy2-feature_size2-ValueError]" time="0.002" /><testcase classname="tests_v11.test_coverage_feature_release_decoder" name="test_release_field_rejects_invalid_inputs[occupancy3-feature_size3-ValueError]" time="0.003" /><testcase classname="tests_v11.test_coverage_feature_release_model" name="test_detector_independent_model_accepts_ccfr_without_a_new_wrapper" time="0.007" /><testcase classname="tests_v11.test_coverage_feature_release_model" name="test_stride_one_preserves_the_output_contract" time="0.005" /><testcase classname="tests_v11.test_coverage_feature_release_model" name="test_resize_fallback_keeps_one_output_map_and_hard_union_shape" time="0.005" /><testcase classname="tests_v11.test_coverage_feature_release_paired_integration" name="test_existing_4_4_2_step_uses_one_2b_pair_forward_and_all_gradients" time="0.043" /><testcase classname="tests_v11.test_coverage_feature_release_paired_integration" name="test_identical_model_inputs_cannot_be_dispatched_by_pair_role" time="0.011" /><testcase classname="tests_v11.test_coverage_feature_release_paired_integration" name="test_identity_pair_has_exactly_zero_endpoint_difference" time="0.006" /><testcase classname="tests_v11.test_coverage_feature_release_paired_integration" name="test_pair_only_gradient_is_the_sum_of_both_endpoint_vjps" time="0.030" /><testcase classname="tests_v12.test_null_anchored_local_count_crossing_config" name="test_config_freezes_the_complete_nlcc_method" time="0.001" /><testcase classname="tests_v12.test_null_anchored_local_count_crossing_config" name="test_config_rejects_every_method_change[width-16]" time="0.001" /><testcase classname="tests_v12.test_null_anchored_local_count_crossing_config" name="test_config_rejects_every_method_change[groups-4]" time="0.001" /><testcase classname="tests_v12.test_null_anchored_local_count_crossing_config" name="test_config_rejects_every_method_change[trunk_residual_scale-1.0]" time="0.001" /><testcase classname="tests_v12.test_null_anchored_local_count_crossing_config" name="test_config_rejects_every_method_change[baseline_probability-0.2]" time="0.001" /><testcase classname="tests_v12.test_null_anchored_local_count_crossing_config" name="test_config_rejects_every_method_change[vacancy_kernel_size-5]" time="0.001" /><testcase classname="tests_v12.test_null_anchored_local_count_crossing_config" name="test_config_rejects_every_method_change[occupancy_projection_policy-changed]" time="0.001" /><testcase classname="tests_v12.test_null_anchored_local_count_crossing_config" name="test_config_rejects_every_method_change[phase_reference_policy-changed]" time="0.001" /><testcase classname="tests_v12.test_null_anchored_local_count_crossing_config" name="test_config_rejects_every_method_change[count_boundary_policy-changed]" time="0.001" /><testcase classname="tests_v12.test_null_anchored_local_count_crossing_config" name="test_config_rejects_every_method_change[crossing_policy-changed]" time="0.001" /><testcase classname="tests_v12.test_null_anchored_local_count_crossing_config" name="test_config_rejects_every_method_change[baseline_policy-changed]" time="0.001" /><testcase classname="tests_v12.test_null_anchored_local_count_crossing_config" name="test_config_rejects_every_method_change[logit_composition_policy-changed]" time="0.001" /><testcase classname="tests_v12.test_null_anchored_local_count_crossing_config" name="test_config_rejects_every_method_change[resize_policy-changed]" time="0.001" /><testcase classname="tests_v12.test_null_anchored_local_count_crossing_config" name="test_v4_topology_conversion_is_exact_and_adds_no_budget" time="0.001" /><testcase classname="tests_v12.test_null_anchored_local_count_crossing_config" name="test_adapter_shape_validation_is_inherited_from_v4[True-4-TypeError]" time="0.001" /><testcase classname="tests_v12.test_null_anchored_local_count_crossing_config" name="test_adapter_shape_validation_is_inherited_from_v4[0-4-ValueError]" time="0.001" /><testcase classname="tests_v12.test_null_anchored_local_count_crossing_config" name="test_adapter_shape_validation_is_inherited_from_v4[8-True-TypeError]" time="0.001" /><testcase classname="tests_v12.test_null_anchored_local_count_crossing_config" name="test_adapter_shape_validation_is_inherited_from_v4[8-0-ValueError]" time="0.001" /><testcase classname="tests_v12.test_null_anchored_local_count_crossing_decoder" name="test_decoder_keeps_exact_v4_topology_state_initialization_and_budget" time="0.006" /><testcase classname="tests_v12.test_null_anchored_local_count_crossing_decoder" name="test_one_forward_calls_each_trainable_module_once_and_pixel_shuffle_twice" time="0.008" /><testcase classname="tests_v12.test_null_anchored_local_count_crossing_decoder" name="test_joint_operator_matches_the_frozen_equation_and_recovery_jacobian" time="0.004" /><testcase classname="tests_v12.test_null_anchored_local_count_crossing_decoder" name="test_linear_count_crossings_are_analytically_unreachable" time="0.001" /><testcase classname="tests_v12.test_null_anchored_local_count_crossing_decoder" name="test_raw_count_exponential_has_an_explicit_dual_active_05_95_witness" time="0.002" /><testcase classname="tests_v12.test_null_anchored_local_count_crossing_decoder" name="test_every_one_count_release_has_the_same_exact_exponential_ratio[1.0]" time="0.002" /><testcase classname="tests_v12.test_null_anchored_local_count_crossing_decoder" name="test_every_one_count_release_has_the_same_exact_exponential_ratio[2.0]" time="0.002" /><testcase classname="tests_v12.test_null_anchored_local_count_crossing_decoder" name="test_every_one_count_release_has_the_same_exact_exponential_ratio[3.0]" time="0.002" /><testcase classname="tests_v12.test_null_anchored_local_count_crossing_decoder" name="test_fixed_null_supports_zero_one_two_and_three_active_phases[0]" time="0.002" /><testcase classname="tests_v12.test_null_anchored_local_count_crossing_decoder" name="test_fixed_null_supports_zero_one_two_and_three_active_phases[1]" time="0.002" /><testcase classname="tests_v12.test_null_anchored_local_count_crossing_decoder" name="test_fixed_null_supports_zero_one_two_and_three_active_phases[2]" time="0.002" /><testcase classname="tests_v12.test_null_anchored_local_count_crossing_decoder" name="test_fixed_null_supports_zero_one_two_and_three_active_phases[3]" time="0.002" /><testcase classname="tests_v12.test_null_anchored_local_count_crossing_decoder" name="test_deleting_counts_only_expands_the_active_set" time="0.002" /><testcase classname="tests_v12.test_null_anchored_local_count_crossing_decoder" name="test_inactive_counts_zero_through_nine_keep_exact_finite_gradients" time="0.002" /><testcase classname="tests_v12.test_null_anchored_local_count_crossing_decoder" name="test_zero_feature_is_exactly_null_for_every_occupancy" time="0.013" /><testcase classname="tests_v12.test_null_anchored_local_count_crossing_decoder" name="test_same_projected_count_is_an_exact_local_state_collision" time="0.007" /><testcase classname="tests_v12.test_null_anchored_local_count_crossing_decoder" name="test_count_intervention_has_exact_native_and_subpixel_locality" time="0.005" /><testcase classname="tests_v12.test_null_anchored_local_count_crossing_decoder" name="test_forward_detaches_feature_and_reaches_all_six_parameter_tensors" time="0.012" /><testcase classname="tests_v12.test_null_anchored_local_count_crossing_decoder" name="test_resize_occurs_after_native_pixel_shuffle" time="0.005" /><testcase classname="tests_v12.test_null_anchored_local_count_crossing_decoder" name="test_stride_one_retains_one_live_phase_and_native_shape" time="0.007" /><testcase classname="tests_v12.test_null_anchored_local_count_crossing_decoder" name="test_joint_operator_rejects_invalid_shapes_and_types[raw0-count0-ValueError]" time="0.002" /><testcase classname="tests_v12.test_null_anchored_local_count_crossing_decoder" name="test_joint_operator_rejects_invalid_shapes_and_types[raw1-count1-ValueError]" time="0.001" /><testcase classname="tests_v12.test_null_anchored_local_count_crossing_decoder" name="test_joint_operator_rejects_invalid_shapes_and_types[raw2-count2-TypeError]" time="0.001" /><testcase classname="tests_v12.test_null_anchored_local_count_crossing_decoder" name="test_joint_operator_rejects_invalid_shapes_and_types[raw3-count3-TypeError]" time="0.001" /><testcase classname="tests_v12.test_null_anchored_local_count_crossing_decoder" name="test_joint_operator_rejects_nonfinite_raw_values[nan]" time="0.001" /><testcase classname="tests_v12.test_null_anchored_local_count_crossing_decoder" name="test_joint_operator_rejects_nonfinite_raw_values[inf]" time="0.001" /><testcase classname="tests_v12.test_null_anchored_local_count_crossing_decoder" name="test_joint_operator_rejects_nonfinite_raw_values[-inf]" time="0.001" /><testcase classname="tests_v12.test_null_anchored_local_count_crossing_decoder" name="test_joint_operator_rejects_nonfinite_count_values[nan]" time="0.001" /><testcase classname="tests_v12.test_null_anchored_local_count_crossing_decoder" name="test_joint_operator_rejects_nonfinite_count_values[inf]" time="0.001" /><testcase classname="tests_v12.test_null_anchored_local_count_crossing_decoder" name="test_joint_operator_rejects_nonfinite_count_values[-inf]" time="0.001" /><testcase classname="tests_v12.test_null_anchored_local_count_crossing_decoder" name="test_joint_operator_rejects_non_count_domain_values[-1.0]" time="0.001" /><testcase classname="tests_v12.test_null_anchored_local_count_crossing_decoder" name="test_joint_operator_rejects_non_count_domain_values[0.5]" time="0.001" /><testcase classname="tests_v12.test_null_anchored_local_count_crossing_decoder" name="test_joint_operator_rejects_non_count_domain_values[9.5]" time="0.001" /><testcase classname="tests_v12.test_null_anchored_local_count_crossing_decoder" name="test_joint_operator_rejects_non_count_domain_values[10.0]" time="0.001" /><testcase classname="tests_v12.test_null_anchored_local_count_crossing_decoder" name="test_joint_operator_fails_before_exponential_overflow_is_consumed" time="0.001" /><testcase classname="tests_v12.test_null_anchored_local_count_crossing_decoder" name="test_decoder_rejects_nonfinite_feature_and_parameter_states" time="0.006" /><testcase classname="tests_v12.test_null_anchored_local_count_crossing_decoder" name="test_native_count_field_rejects_invalid_inputs[occupancy0-feature_size0-ValueError]" time="0.003" /><testcase classname="tests_v12.test_null_anchored_local_count_crossing_decoder" name="test_native_count_field_rejects_invalid_inputs[occupancy1-feature_size1-TypeError]" time="0.003" /><testcase classname="tests_v12.test_null_anchored_local_count_crossing_decoder" name="test_native_count_field_rejects_invalid_inputs[occupancy2-feature_size2-ValueError]" time="0.003" /><testcase classname="tests_v12.test_null_anchored_local_count_crossing_decoder" name="test_native_count_field_rejects_invalid_inputs[occupancy3-feature_size3-ValueError]" time="0.003" /><testcase classname="tests_v12.test_null_anchored_local_count_crossing_decoder" name="test_decoder_constructor_rejects_ambiguous_or_incomplete_config" time="0.001" /><testcase classname="tests_v12.test_null_anchored_local_count_crossing_model" name="test_frozen_factorized_model_accepts_nlcc_without_a_new_wrapper" time="0.018" /><testcase classname="tests_v12.test_null_anchored_local_count_crossing_model" name="test_infer_is_identical_and_keeps_one_base_one_decoder_per_call" time="0.012" /><testcase classname="tests_v12.test_null_anchored_local_count_crossing_paired_integration" name="test_frozen_4_4_2_step_uses_one_2b_pair_forward" time="0.043" /><testcase classname="tests_v12.test_null_anchored_local_count_crossing_paired_integration" name="test_identical_inputs_cannot_be_dispatched_by_pair_metadata" time="0.010" /><testcase classname="tests_v12.test_null_anchored_local_count_crossing_paired_integration" name="test_identity_pair_has_exactly_zero_endpoint_difference" time="0.006" /><testcase classname="tests_v12.test_null_anchored_local_count_crossing_paired_integration" name="test_pair_gradient_is_the_sum_of_both_endpoint_vjps" time="0.023" /></testsuite></testsuites>