<?xml version="1.0" encoding="utf-8"?><testsuites name="pytest tests"><testsuite name="pytest" errors="0" failures="0" skipped="0" tests="65" time="4.855" timestamp="2026-07-26T19:34:56.691385+08:00" hostname="ubuntu1-Super-Server"><testcase classname="tests_v12.test_null_anchored_local_count_crossing_config" name="test_config_freezes_the_complete_nlcc_method" time="0.002" /><testcase classname="tests_v12.test_null_anchored_local_count_crossing_config" name="test_config_rejects_every_method_change[width-16]" time="0.001" /><testcase classname="tests_v12.test_null_anchored_local_count_crossing_config" name="test_config_rejects_every_method_change[groups-4]" time="0.001" /><testcase classname="tests_v12.test_null_anchored_local_count_crossing_config" name="test_config_rejects_every_method_change[trunk_residual_scale-1.0]" time="0.001" /><testcase classname="tests_v12.test_null_anchored_local_count_crossing_config" name="test_config_rejects_every_method_change[baseline_probability-0.2]" time="0.001" /><testcase classname="tests_v12.test_null_anchored_local_count_crossing_config" name="test_config_rejects_every_method_change[vacancy_kernel_size-5]" time="0.001" /><testcase classname="tests_v12.test_null_anchored_local_count_crossing_config" name="test_config_rejects_every_method_change[occupancy_projection_policy-changed]" time="0.001" /><testcase classname="tests_v12.test_null_anchored_local_count_crossing_config" name="test_config_rejects_every_method_change[phase_reference_policy-changed]" time="0.001" /><testcase classname="tests_v12.test_null_anchored_local_count_crossing_config" name="test_config_rejects_every_method_change[count_boundary_policy-changed]" time="0.001" /><testcase classname="tests_v12.test_null_anchored_local_count_crossing_config" name="test_config_rejects_every_method_change[crossing_policy-changed]" time="0.001" /><testcase classname="tests_v12.test_null_anchored_local_count_crossing_config" name="test_config_rejects_every_method_change[baseline_policy-changed]" time="0.001" /><testcase classname="tests_v12.test_null_anchored_local_count_crossing_config" name="test_config_rejects_every_method_change[logit_composition_policy-changed]" time="0.001" /><testcase classname="tests_v12.test_null_anchored_local_count_crossing_config" name="test_config_rejects_every_method_change[resize_policy-changed]" time="0.002" /><testcase classname="tests_v12.test_null_anchored_local_count_crossing_config" name="test_v4_topology_conversion_is_exact_and_adds_no_budget" time="0.001" /><testcase classname="tests_v12.test_null_anchored_local_count_crossing_config" name="test_adapter_shape_validation_is_inherited_from_v4[True-4-TypeError]" time="0.001" /><testcase classname="tests_v12.test_null_anchored_local_count_crossing_config" name="test_adapter_shape_validation_is_inherited_from_v4[0-4-ValueError]" time="0.001" /><testcase classname="tests_v12.test_null_anchored_local_count_crossing_config" name="test_adapter_shape_validation_is_inherited_from_v4[8-True-TypeError]" time="0.001" /><testcase classname="tests_v12.test_null_anchored_local_count_crossing_config" name="test_adapter_shape_validation_is_inherited_from_v4[8-0-ValueError]" time="0.001" /><testcase classname="tests_v12.test_null_anchored_local_count_crossing_decoder" name="test_decoder_keeps_exact_v4_topology_state_initialization_and_budget" time="0.012" /><testcase classname="tests_v12.test_null_anchored_local_count_crossing_decoder" name="test_one_forward_calls_each_trainable_module_once_and_pixel_shuffle_twice" time="0.041" /><testcase classname="tests_v12.test_null_anchored_local_count_crossing_decoder" name="test_joint_operator_matches_the_frozen_equation_and_recovery_jacobian" time="0.954" /><testcase classname="tests_v12.test_null_anchored_local_count_crossing_decoder" name="test_linear_count_crossings_are_analytically_unreachable" time="0.001" /><testcase classname="tests_v12.test_null_anchored_local_count_crossing_decoder" name="test_raw_count_exponential_has_an_explicit_dual_active_05_95_witness" time="0.002" /><testcase classname="tests_v12.test_null_anchored_local_count_crossing_decoder" name="test_every_one_count_release_has_the_same_exact_exponential_ratio[1.0]" time="0.002" /><testcase classname="tests_v12.test_null_anchored_local_count_crossing_decoder" name="test_every_one_count_release_has_the_same_exact_exponential_ratio[2.0]" time="0.002" /><testcase classname="tests_v12.test_null_anchored_local_count_crossing_decoder" name="test_every_one_count_release_has_the_same_exact_exponential_ratio[3.0]" time="0.002" /><testcase classname="tests_v12.test_null_anchored_local_count_crossing_decoder" name="test_fixed_null_supports_zero_one_two_and_three_active_phases[0]" time="0.002" /><testcase classname="tests_v12.test_null_anchored_local_count_crossing_decoder" name="test_fixed_null_supports_zero_one_two_and_three_active_phases[1]" time="0.002" /><testcase classname="tests_v12.test_null_anchored_local_count_crossing_decoder" name="test_fixed_null_supports_zero_one_two_and_three_active_phases[2]" time="0.001" /><testcase classname="tests_v12.test_null_anchored_local_count_crossing_decoder" name="test_fixed_null_supports_zero_one_two_and_three_active_phases[3]" time="0.001" /><testcase classname="tests_v12.test_null_anchored_local_count_crossing_decoder" name="test_deleting_counts_only_expands_the_active_set" time="0.002" /><testcase classname="tests_v12.test_null_anchored_local_count_crossing_decoder" name="test_inactive_counts_zero_through_nine_keep_exact_finite_gradients" time="0.002" /><testcase classname="tests_v12.test_null_anchored_local_count_crossing_decoder" name="test_zero_feature_is_exactly_null_for_every_occupancy" time="0.013" /><testcase classname="tests_v12.test_null_anchored_local_count_crossing_decoder" name="test_same_projected_count_is_an_exact_local_state_collision" time="0.011" /><testcase classname="tests_v12.test_null_anchored_local_count_crossing_decoder" name="test_count_intervention_has_exact_native_and_subpixel_locality" time="0.005" /><testcase classname="tests_v12.test_null_anchored_local_count_crossing_decoder" name="test_forward_detaches_feature_and_reaches_all_six_parameter_tensors" time="0.047" /><testcase classname="tests_v12.test_null_anchored_local_count_crossing_decoder" name="test_resize_occurs_after_native_pixel_shuffle" time="0.006" /><testcase classname="tests_v12.test_null_anchored_local_count_crossing_decoder" name="test_stride_one_retains_one_live_phase_and_native_shape" time="0.010" /><testcase classname="tests_v12.test_null_anchored_local_count_crossing_decoder" name="test_joint_operator_rejects_invalid_shapes_and_types[raw0-count0-ValueError]" time="0.001" /><testcase classname="tests_v12.test_null_anchored_local_count_crossing_decoder" name="test_joint_operator_rejects_invalid_shapes_and_types[raw1-count1-ValueError]" time="0.001" /><testcase classname="tests_v12.test_null_anchored_local_count_crossing_decoder" name="test_joint_operator_rejects_invalid_shapes_and_types[raw2-count2-TypeError]" time="0.001" /><testcase classname="tests_v12.test_null_anchored_local_count_crossing_decoder" name="test_joint_operator_rejects_invalid_shapes_and_types[raw3-count3-TypeError]" time="0.001" /><testcase classname="tests_v12.test_null_anchored_local_count_crossing_decoder" name="test_joint_operator_rejects_nonfinite_raw_values[nan]" time="0.001" /><testcase classname="tests_v12.test_null_anchored_local_count_crossing_decoder" name="test_joint_operator_rejects_nonfinite_raw_values[inf]" time="0.001" /><testcase classname="tests_v12.test_null_anchored_local_count_crossing_decoder" name="test_joint_operator_rejects_nonfinite_raw_values[-inf]" time="0.001" /><testcase classname="tests_v12.test_null_anchored_local_count_crossing_decoder" name="test_joint_operator_rejects_nonfinite_count_values[nan]" time="0.001" /><testcase classname="tests_v12.test_null_anchored_local_count_crossing_decoder" name="test_joint_operator_rejects_nonfinite_count_values[inf]" time="0.001" /><testcase classname="tests_v12.test_null_anchored_local_count_crossing_decoder" name="test_joint_operator_rejects_nonfinite_count_values[-inf]" time="0.001" /><testcase classname="tests_v12.test_null_anchored_local_count_crossing_decoder" name="test_joint_operator_rejects_non_count_domain_values[-1.0]" time="0.001" /><testcase classname="tests_v12.test_null_anchored_local_count_crossing_decoder" name="test_joint_operator_rejects_non_count_domain_values[0.5]" time="0.001" /><testcase classname="tests_v12.test_null_anchored_local_count_crossing_decoder" name="test_joint_operator_rejects_non_count_domain_values[9.5]" time="0.001" /><testcase classname="tests_v12.test_null_anchored_local_count_crossing_decoder" name="test_joint_operator_rejects_non_count_domain_values[10.0]" time="0.001" /><testcase classname="tests_v12.test_null_anchored_local_count_crossing_decoder" name="test_joint_operator_fails_before_exponential_overflow_is_consumed" time="0.001" /><testcase classname="tests_v12.test_null_anchored_local_count_crossing_decoder" name="test_decoder_rejects_nonfinite_feature_and_parameter_states" time="0.032" /><testcase classname="tests_v12.test_null_anchored_local_count_crossing_decoder" name="test_native_count_field_rejects_invalid_inputs[occupancy0-feature_size0-ValueError]" time="0.004" /><testcase classname="tests_v12.test_null_anchored_local_count_crossing_decoder" name="test_native_count_field_rejects_invalid_inputs[occupancy1-feature_size1-TypeError]" time="0.003" /><testcase classname="tests_v12.test_null_anchored_local_count_crossing_decoder" name="test_native_count_field_rejects_invalid_inputs[occupancy2-feature_size2-ValueError]" time="0.003" /><testcase classname="tests_v12.test_null_anchored_local_count_crossing_decoder" name="test_native_count_field_rejects_invalid_inputs[occupancy3-feature_size3-ValueError]" time="0.003" /><testcase classname="tests_v12.test_null_anchored_local_count_crossing_decoder" name="test_decoder_constructor_rejects_ambiguous_or_incomplete_config" time="0.001" /><testcase classname="tests_v12.test_null_anchored_local_count_crossing_model" name="test_frozen_factorized_model_accepts_nlcc_without_a_new_wrapper" time="0.196" /><testcase classname="tests_v12.test_null_anchored_local_count_crossing_model" name="test_infer_is_identical_and_keeps_one_base_one_decoder_per_call" time="0.111" /><testcase classname="tests_v12.test_null_anchored_local_count_crossing_paired_integration" name="test_frozen_4_4_2_step_uses_one_2b_pair_forward" time="1.132" /><testcase classname="tests_v12.test_null_anchored_local_count_crossing_paired_integration" name="test_identical_inputs_cannot_be_dispatched_by_pair_metadata" time="0.035" /><testcase classname="tests_v12.test_null_anchored_local_count_crossing_paired_integration" name="test_identity_pair_has_exactly_zero_endpoint_difference" time="0.006" /><testcase classname="tests_v12.test_null_anchored_local_count_crossing_paired_integration" name="test_pair_gradient_is_the_sum_of_both_endpoint_vjps" time="0.034" /></testsuite></testsuites>