<?xml version="1.0" encoding="utf-8"?><testsuites name="pytest tests"><testsuite name="pytest" errors="0" failures="0" skipped="0" tests="43" time="6.309" timestamp="2026-07-27T00:10:07.429643+08:00" hostname="ubuntu1-Super-Server"><testcase classname="tests_v12.test_nlcc_dataset_free_decision" name="test_strict_json_rejects_nonfinite_constants_and_duplicate_keys" time="0.001" /><testcase classname="tests_v12.test_nlcc_dataset_free_decision" name="test_valid_pass_is_recomputed_from_76_numeric_gates" time="0.092" /><testcase classname="tests_v12.test_nlcc_dataset_free_decision" name="test_skeletal_pass_is_rejected" time="0.001" /><testcase classname="tests_v12.test_nlcc_dataset_free_decision" name="test_raw_metric_failure_cannot_hide_behind_embedded_pass" time="0.005" /><testcase classname="tests_v12.test_nlcc_dataset_free_decision" name="test_derived_group_or_structural_mismatch_is_rejected" time="0.010" /><testcase classname="tests_v12.test_nlcc_dataset_free_decision" name="test_nonfinite_value_in_mapping_is_rejected_before_fingerprint_use" time="0.002" /><testcase classname="tests_v12.test_nlcc_dataset_free_decision" name="test_valid_scientific_gate_failure_returns_gate_fail" time="0.005" /><testcase classname="tests_v12.test_nlcc_dataset_free_decision" name="test_unknown_gate_and_wrong_numeric_gate_count_are_rejected" time="0.010" /><testcase classname="tests_v12.test_nlcc_dataset_free_decision" name="test_raw_finite_and_operator_counts_are_enforced" time="0.010" /><testcase classname="tests_v12.test_nlcc_dataset_free_runner" name="test_cached_development_views_are_bit_exact_to_direct_builders[0]" time="0.038" /><testcase classname="tests_v12.test_nlcc_dataset_free_runner" name="test_cached_development_views_are_bit_exact_to_direct_builders[17]" time="0.008" /><testcase classname="tests_v12.test_nlcc_dataset_free_runner" name="test_cached_development_views_are_bit_exact_to_direct_builders[319]" time="0.008" /><testcase classname="tests_v12.test_nlcc_dataset_free_runner" name="test_materialized_profiles_replay_exact_exposures_without_builder_reentry" time="0.169" /><testcase classname="tests_v12.test_nlcc_dataset_free_runner" name="test_holdout_static_group_rows_and_D_pixels_are_exact" time="0.004" /><testcase classname="tests_v12.test_nlcc_dataset_free_runner" name="test_full_population_gate_algebra_and_component_D_semantics" time="0.044" /><testcase classname="tests_v12.test_nlcc_dataset_free_runner" name="test_final_evaluation_uses_only_three_full_population_forward_fields_calls" time="0.078" /><testcase classname="tests_v12.test_nlcc_dataset_free_runner" name="test_exclusive_and_inclusive_threshold_boundaries" time="0.045" /><testcase classname="tests_v12.test_nlcc_dataset_free_runner" name="test_runtime_boundary_and_missing_authority_fail_before_attempt" time="0.004" /><testcase classname="tests_v12.test_nlcc_dataset_free_runner" name="test_create_only_claim_is_concurrent_safe_and_precedes_adam" time="1.371" /><testcase classname="tests_v12.test_nlcc_dataset_free_runner" name="test_holdout_requires_sealed_development_pass_and_starts_from_scratch" time="0.250" /><testcase classname="tests_v12.test_nlcc_dataset_free_runner" name="test_result_publication_is_create_only_and_independently_sealed" time="0.346" /><testcase classname="tests_v12.test_nlcc_dataset_free_runner" name="test_result_publication_rejects_skeletal_or_derived_only_pass" time="0.134" /><testcase classname="tests_v12.test_nlcc_dataset_free_runner" name="test_existing_result_terminal_blocks_failure_publication" time="0.200" /><testcase classname="tests_v12.test_nlcc_dataset_free_runner_config" name="test_both_profiles_are_frozen_together_and_independent" time="0.001" /><testcase classname="tests_v12.test_nlcc_dataset_free_runner_config" name="test_loss_adam_batch_and_threshold_contracts_are_exact" time="0.001" /><testcase classname="tests_v12.test_nlcc_dataset_free_runner_config" name="test_thresholds_reject_every_override[population_total_loss_max_exclusive-0.1000001]" time="0.002" /><testcase classname="tests_v12.test_nlcc_dataset_free_runner_config" name="test_thresholds_reject_every_override[positive_anchor_min_exclusive-0.949]" time="0.001" /><testcase classname="tests_v12.test_nlcc_dataset_free_runner_config" name="test_thresholds_reject_every_override[zero_H_max_abs_max_inclusive-0.051]" time="0.001" /><testcase classname="tests_v12.test_nlcc_dataset_free_runner_config" name="test_thresholds_reject_every_override[D_wrong_direction_pixel_count_max_inclusive-1]" time="0.001" /><testcase classname="tests_v12.test_nlcc_dataset_free_runner_config" name="test_runner_rejects_hyperparameter_or_state_carry_override" time="0.001" /><testcase classname="tests_v12.test_nlcc_dataset_free_runner_config" name="test_effective_paths_and_all_runner_receipts_are_bound" time="0.001" /><testcase classname="tests_v12.test_nlcc_dataset_free_runner_config" name="test_clis_expose_no_output_update_seed_or_hyperparameter_override" time="0.001" /><testcase classname="tests_v12.test_nlcc_runner_finite_state" name="test_finite_state_audit_covers_parameters_buffers_and_adam_state" time="0.596" /><testcase classname="tests_v12.test_nlcc_runner_finite_state" name="test_finite_state_audit_rejects_every_nonfinite_state_location[parameter]" time="0.003" /><testcase classname="tests_v12.test_nlcc_runner_finite_state" name="test_finite_state_audit_rejects_every_nonfinite_state_location[buffer]" time="0.003" /><testcase classname="tests_v12.test_nlcc_runner_finite_state" name="test_finite_state_audit_rejects_every_nonfinite_state_location[optimizer_state]" time="0.003" /><testcase classname="tests_v12.test_nlcc_runner_finite_state" name="test_finite_state_audit_rejects_unknown_phase" time="0.002" /><testcase classname="tests_v12.test_nlcc_runner_source_closure" name="test_fixed_nlcc_closure_is_complete_ordered_and_deterministic" time="0.555" /><testcase classname="tests_v12.test_nlcc_runner_source_closure" name="test_static_union_includes_conditioned_dynamic_and_initializers" time="0.017" /><testcase classname="tests_v12.test_nlcc_runner_source_closure" name="test_unresolved_local_import_is_rejected" time="0.003" /><testcase classname="tests_v12.test_nlcc_runner_source_closure" name="test_required_path_must_be_reached_not_merely_exist" time="0.003" /><testcase classname="tests_v12.test_nlcc_runner_source_closure" name="test_only_closure_content_drift_blocks_verification" time="0.064" /><testcase classname="tests_v12.test_nlcc_runner_source_closure" name="test_repository_metadata_is_not_part_of_closure_fingerprint" time="0.438" /></testsuite></testsuites>