<?xml version="1.0" encoding="utf-8"?><testsuites name="pytest tests"><testsuite name="pytest" errors="0" failures="0" skipped="0" tests="18" time="14.564" timestamp="2026-07-26T13:30:52.342935+08:00" hostname="ubuntu1-Super-Server"><testcase classname="tests_v11.test_ccfr_exposure_holdout_r2" name="test_r1_failure_is_sealed_before_attempt_and_training" time="0.005" /><testcase classname="tests_v11.test_ccfr_exposure_holdout_r2" name="test_r1_real_contract_fails_fingerprint_before_attempt_write" time="1.052" /><testcase classname="tests_v11.test_ccfr_exposure_holdout_r2" name="test_targeted_canonicalization_changes_only_key_representation" time="1.025" /><testcase classname="tests_v11.test_ccfr_exposure_holdout_r2" name="test_targeted_canonicalization_rejects_every_other_shape[&lt;lambda&gt;0]" time="1.018" /><testcase classname="tests_v11.test_ccfr_exposure_holdout_r2" name="test_targeted_canonicalization_rejects_every_other_shape[&lt;lambda&gt;1]" time="1.041" /><testcase classname="tests_v11.test_ccfr_exposure_holdout_r2" name="test_targeted_canonicalization_rejects_every_other_shape[&lt;lambda&gt;2]" time="1.048" /><testcase classname="tests_v11.test_ccfr_exposure_holdout_r2" name="test_targeted_canonicalization_rejects_every_other_shape[&lt;lambda&gt;3]" time="1.072" /><testcase classname="tests_v11.test_ccfr_exposure_holdout_r2" name="test_targeted_canonicalization_rejects_every_other_shape[&lt;lambda&gt;4]" time="1.040" /><testcase classname="tests_v11.test_ccfr_exposure_holdout_r2" name="test_r2_delegates_all_scientific_computation_to_frozen_r1" time="0.014" /><testcase classname="tests_v11.test_ccfr_exposure_holdout_r2" name="test_closure_binds_exact_effective_source_set_and_clean_import" time="2.182" /><testcase classname="tests_v11.test_ccfr_exposure_holdout_r2" name="test_real_corrected_prerequisites_and_attempt_are_canonical" time="3.218" /><testcase classname="tests_v11.test_ccfr_exposure_holdout_r2" name="test_canonical_artifact_guard_never_writes_r1_paths" time="0.009" /><testcase classname="tests_v11.test_ccfr_exposure_holdout_r2" name="test_r2_decision_is_the_frozen_r1_absolute_decision[True]" time="0.003" /><testcase classname="tests_v11.test_ccfr_exposure_holdout_r2" name="test_r2_decision_is_the_frozen_r1_absolute_decision[False]" time="0.003" /><testcase classname="tests_v11.test_ccfr_exposure_holdout_r2" name="test_attempt_is_written_before_evaluate_and_no_retry_exists" time="0.020" /><testcase classname="tests_v11.test_ccfr_exposure_holdout_r2" name="test_issued_authority_is_consumed_before_prerequisite_or_training" time="0.003" /><testcase classname="tests_v11.test_ccfr_exposure_holdout_r2" name="test_bound_authority_files_remain_byte_exact" time="0.003" /><testcase classname="tests_v11.test_ccfr_exposure_holdout_r2" name="test_complete_directly_binds_the_full_r2_hash_chain" time="0.006" /></testsuite></testsuites>